This is pdfTeX, Version 3.14159265-2.6-1.40.16 (TeX Live 2015) (preloaded format=pdflatex 2015.11.5)  20 APR 2016 14:35
entering extended mode
 restricted \write18 enabled.
 %&-line parsing enabled.
**defense.tex
(./defense.tex
LaTeX2e <2015/10/01> patch level 2
Babel <3.9m> and hyphenation patterns for 79 languages loaded.

(/opt/apps/ossw/applications/latex/texlive-2015-11-05/c7/2015/texmf-dist/tex/la
tex/beamer/beamer.cls
(/opt/apps/ossw/applications/latex/texlive-2015-11-05/c7/2015/texmf-dist/tex/la
tex/beamer/beamerbasercs.sty
Package: beamerbasercs 2015/03/08 (rcs-revision 368aa9ba9d38)
)
Document Class: beamer 2015/01/05 3.36 A class for typesetting presentations (r
cs-revision 8a39122e1f63)

(/opt/apps/ossw/applications/latex/texlive-2015-11-05/c7/2015/texmf-dist/tex/la
tex/beamer/beamerbasemodes.sty
Package: beamerbasemodes 2013/09/03 (rcs-revision 768f2d98ca64)
\beamer@tempbox=\box26
\beamer@tempcount=\count79
\c@beamerpauses=\count80

(/opt/apps/ossw/applications/latex/texlive-2015-11-05/c7/2015/texmf-dist/tex/la
tex/beamer/beamerbasedecode.sty
Package: beamerbasedecode 2010/05/01 (rcs-revision efa082c6111d)
\beamer@slideinframe=\count81
\beamer@minimum=\count82
)
\beamer@commentbox=\box27
\beamer@modecount=\count83
)
(/opt/apps/ossw/applications/latex/texlive-2015-11-05/c7/2015/texmf-dist/tex/ge
neric/oberdiek/ifpdf.sty
Package: ifpdf 2011/01/30 v2.3 Provides the ifpdf switch (HO)
Package ifpdf Info: pdfTeX in PDF mode is detected.
)
\headheight=\dimen102
\headdp=\dimen103
\footheight=\dimen104
\sidebarheight=\dimen105
\beamer@tempdim=\dimen106
\beamer@finalheight=\dimen107
\beamer@animht=\dimen108
\beamer@animdp=\dimen109
\beamer@animwd=\dimen110
\beamer@leftmargin=\dimen111
\beamer@rightmargin=\dimen112
\beamer@leftsidebar=\dimen113
\beamer@rightsidebar=\dimen114
\beamer@boxsize=\dimen115
\beamer@vboxoffset=\dimen116
\beamer@descdefault=\dimen117
\beamer@descriptionwidth=\dimen118
\beamer@lastskip=\skip41
\beamer@areabox=\box28
\beamer@animcurrent=\box29
\beamer@animshowbox=\box30
\beamer@sectionbox=\box31
\beamer@logobox=\box32
\beamer@linebox=\box33
\beamer@sectioncount=\count84
\beamer@subsubsectionmax=\count85
\beamer@subsectionmax=\count86
\beamer@sectionmax=\count87
\beamer@totalheads=\count88
\beamer@headcounter=\count89
\beamer@partstartpage=\count90
\beamer@sectionstartpage=\count91
\beamer@subsectionstartpage=\count92
\beamer@animationtempa=\count93
\beamer@animationtempb=\count94
\beamer@xpos=\count95
\beamer@ypos=\count96
\beamer@showpartnumber=\count97
\beamer@currentsubsection=\count98
\beamer@coveringdepth=\count99
\beamer@sectionadjust=\count100
\beamer@tocsectionnumber=\count101

(/opt/apps/ossw/applications/latex/texlive-2015-11-05/c7/2015/texmf-dist/tex/la
tex/beamer/beamerbaseoptions.sty
Package: beamerbaseoptions 2013/03/10 (rcs-revision 47431932db0d)

(/opt/apps/ossw/applications/latex/texlive-2015-11-05/c7/2015/texmf-dist/tex/la
tex/graphics/keyval.sty
Package: keyval 2014/10/28 v1.15 key=value parser (DPC)
\KV@toks@=\toks14
))
\beamer@paperwidth=\skip42
\beamer@paperheight=\skip43

(/opt/apps/ossw/applications/latex/texlive-2015-11-05/c7/2015/texmf-dist/tex/la
tex/geometry/geometry.sty
Package: geometry 2010/09/12 v5.6 Page Geometry

(/opt/apps/ossw/applications/latex/texlive-2015-11-05/c7/2015/texmf-dist/tex/ge
neric/oberdiek/ifvtex.sty
Package: ifvtex 2010/03/01 v1.5 Detect VTeX and its facilities (HO)
Package ifvtex Info: VTeX not detected.
)
(/opt/apps/ossw/applications/latex/texlive-2015-11-05/c7/2015/texmf-dist/tex/ge
neric/ifxetex/ifxetex.sty
Package: ifxetex 2010/09/12 v0.6 Provides ifxetex conditional
)
\Gm@cnth=\count102
\Gm@cntv=\count103
\c@Gm@tempcnt=\count104
\Gm@bindingoffset=\dimen119
\Gm@wd@mp=\dimen120
\Gm@odd@mp=\dimen121
\Gm@even@mp=\dimen122
\Gm@layoutwidth=\dimen123
\Gm@layoutheight=\dimen124
\Gm@layouthoffset=\dimen125
\Gm@layoutvoffset=\dimen126
\Gm@dimlist=\toks15
)

Class beamer Warning: ``mathserif'' is obsolete. Use font theme ``serif'' with 
option ``onlymath'' on input line 348.


(/opt/apps/ossw/applications/latex/texlive-2015-11-05/c7/2015/texmf-dist/tex/la
tex/base/size11.clo
File: size11.clo 2014/09/29 v1.4h Standard LaTeX file (size option)
)
(/opt/apps/ossw/applications/latex/texlive-2015-11-05/c7/2015/texmf-dist/tex/la
tex/pgf/basiclayer/pgfcore.sty
(/opt/apps/ossw/applications/latex/texlive-2015-11-05/c7/2015/texmf-dist/tex/la
tex/graphics/graphicx.sty
Package: graphicx 2014/10/28 v1.0g Enhanced LaTeX Graphics (DPC,SPQR)

(/opt/apps/ossw/applications/latex/texlive-2015-11-05/c7/2015/texmf-dist/tex/la
tex/graphics/graphics.sty
Package: graphics 2014/10/28 v1.0p Standard LaTeX Graphics (DPC,SPQR)

(/opt/apps/ossw/applications/latex/texlive-2015-11-05/c7/2015/texmf-dist/tex/la
tex/graphics/trig.sty
Package: trig 1999/03/16 v1.09 sin cos tan (DPC)
)
(/opt/apps/ossw/applications/latex/texlive-2015-11-05/c7/2015/texmf-dist/tex/la
tex/latexconfig/graphics.cfg
File: graphics.cfg 2010/04/23 v1.9 graphics configuration of TeX Live
)
Package graphics Info: Driver file: pdftex.def on input line 94.

(/opt/apps/ossw/applications/latex/texlive-2015-11-05/c7/2015/texmf-dist/tex/la
tex/pdftex-def/pdftex.def
File: pdftex.def 2011/05/27 v0.06d Graphics/color for pdfTeX

(/opt/apps/ossw/applications/latex/texlive-2015-11-05/c7/2015/texmf-dist/tex/ge
neric/oberdiek/infwarerr.sty
Package: infwarerr 2010/04/08 v1.3 Providing info/warning/error messages (HO)
)
(/opt/apps/ossw/applications/latex/texlive-2015-11-05/c7/2015/texmf-dist/tex/ge
neric/oberdiek/ltxcmds.sty
Package: ltxcmds 2011/11/09 v1.22 LaTeX kernel commands for general use (HO)
)
\Gread@gobject=\count105
))
\Gin@req@height=\dimen127
\Gin@req@width=\dimen128
)
(/opt/apps/ossw/applications/latex/texlive-2015-11-05/c7/2015/texmf-dist/tex/la
tex/pgf/systemlayer/pgfsys.sty
(/opt/apps/ossw/applications/latex/texlive-2015-11-05/c7/2015/texmf-dist/tex/la
tex/pgf/utilities/pgfrcs.sty
(/opt/apps/ossw/applications/latex/texlive-2015-11-05/c7/2015/texmf-dist/tex/ge
neric/pgf/utilities/pgfutil-common.tex
\pgfutil@everybye=\toks16
\pgfutil@tempdima=\dimen129
\pgfutil@tempdimb=\dimen130

(/opt/apps/ossw/applications/latex/texlive-2015-11-05/c7/2015/texmf-dist/tex/ge
neric/pgf/utilities/pgfutil-common-lists.tex))
(/opt/apps/ossw/applications/latex/texlive-2015-11-05/c7/2015/texmf-dist/tex/ge
neric/pgf/utilities/pgfutil-latex.def
\pgfutil@abb=\box34

(/opt/apps/ossw/applications/latex/texlive-2015-11-05/c7/2015/texmf-dist/tex/la
tex/ms/everyshi.sty
Package: everyshi 2001/05/15 v3.00 EveryShipout Package (MS)
))
(/opt/apps/ossw/applications/latex/texlive-2015-11-05/c7/2015/texmf-dist/tex/ge
neric/pgf/utilities/pgfrcs.code.tex
Package: pgfrcs 2015/08/07 v3.0.1a (rcs-revision 1.31)
))
(/opt/apps/ossw/applications/latex/texlive-2015-11-05/c7/2015/texmf-dist/tex/ge
neric/pgf/systemlayer/pgfsys.code.tex
Package: pgfsys 2014/07/09 v3.0.1a (rcs-revision 1.48)

(/opt/apps/ossw/applications/latex/texlive-2015-11-05/c7/2015/texmf-dist/tex/ge
neric/pgf/utilities/pgfkeys.code.tex
\pgfkeys@pathtoks=\toks17
\pgfkeys@temptoks=\toks18

(/opt/apps/ossw/applications/latex/texlive-2015-11-05/c7/2015/texmf-dist/tex/ge
neric/pgf/utilities/pgfkeysfiltered.code.tex
\pgfkeys@tmptoks=\toks19
))
\pgf@x=\dimen131
\pgf@y=\dimen132
\pgf@xa=\dimen133
\pgf@ya=\dimen134
\pgf@xb=\dimen135
\pgf@yb=\dimen136
\pgf@xc=\dimen137
\pgf@yc=\dimen138
\w@pgf@writea=\write3
\r@pgf@reada=\read1
\c@pgf@counta=\count106
\c@pgf@countb=\count107
\c@pgf@countc=\count108
\c@pgf@countd=\count109
\t@pgf@toka=\toks20
\t@pgf@tokb=\toks21
\t@pgf@tokc=\toks22

(/opt/apps/ossw/applications/latex/texlive-2015-11-05/c7/2015/texmf-dist/tex/ge
neric/pgf/systemlayer/pgf.cfg
File: pgf.cfg 2008/05/14  (rcs-revision 1.7)
)
Driver file for pgf: pgfsys-pdftex.def

(/opt/apps/ossw/applications/latex/texlive-2015-11-05/c7/2015/texmf-dist/tex/ge
neric/pgf/systemlayer/pgfsys-pdftex.def
File: pgfsys-pdftex.def 2014/10/11  (rcs-revision 1.35)

(/opt/apps/ossw/applications/latex/texlive-2015-11-05/c7/2015/texmf-dist/tex/ge
neric/pgf/systemlayer/pgfsys-common-pdf.def
File: pgfsys-common-pdf.def 2013/10/10  (rcs-revision 1.13)
)))
(/opt/apps/ossw/applications/latex/texlive-2015-11-05/c7/2015/texmf-dist/tex/ge
neric/pgf/systemlayer/pgfsyssoftpath.code.tex
File: pgfsyssoftpath.code.tex 2013/09/09  (rcs-revision 1.9)
\pgfsyssoftpath@smallbuffer@items=\count110
\pgfsyssoftpath@bigbuffer@items=\count111
)
(/opt/apps/ossw/applications/latex/texlive-2015-11-05/c7/2015/texmf-dist/tex/ge
neric/pgf/systemlayer/pgfsysprotocol.code.tex
File: pgfsysprotocol.code.tex 2006/10/16  (rcs-revision 1.4)
))
(/opt/apps/ossw/applications/latex/texlive-2015-11-05/c7/2015/texmf-dist/tex/la
tex/xcolor/xcolor.sty
Package: xcolor 2007/01/21 v2.11 LaTeX color extensions (UK)

(/opt/apps/ossw/applications/latex/texlive-2015-11-05/c7/2015/texmf-dist/tex/la
tex/latexconfig/color.cfg
File: color.cfg 2007/01/18 v1.5 color configuration of teTeX/TeXLive
)
Package xcolor Info: Driver file: pdftex.def on input line 225.
Package xcolor Info: Model `cmy' substituted by `cmy0' on input line 1337.
Package xcolor Info: Model `hsb' substituted by `rgb' on input line 1341.
Package xcolor Info: Model `RGB' extended on input line 1353.
Package xcolor Info: Model `HTML' substituted by `rgb' on input line 1355.
Package xcolor Info: Model `Hsb' substituted by `hsb' on input line 1356.
Package xcolor Info: Model `tHsb' substituted by `hsb' on input line 1357.
Package xcolor Info: Model `HSB' substituted by `hsb' on input line 1358.
Package xcolor Info: Model `Gray' substituted by `gray' on input line 1359.
Package xcolor Info: Model `wave' substituted by `hsb' on input line 1360.
)
(/opt/apps/ossw/applications/latex/texlive-2015-11-05/c7/2015/texmf-dist/tex/ge
neric/pgf/basiclayer/pgfcore.code.tex
Package: pgfcore 2010/04/11 v3.0.1a (rcs-revision 1.7)

(/opt/apps/ossw/applications/latex/texlive-2015-11-05/c7/2015/texmf-dist/tex/ge
neric/pgf/math/pgfmath.code.tex
(/opt/apps/ossw/applications/latex/texlive-2015-11-05/c7/2015/texmf-dist/tex/ge
neric/pgf/math/pgfmathcalc.code.tex
(/opt/apps/ossw/applications/latex/texlive-2015-11-05/c7/2015/texmf-dist/tex/ge
neric/pgf/math/pgfmathutil.code.tex)
(/opt/apps/ossw/applications/latex/texlive-2015-11-05/c7/2015/texmf-dist/tex/ge
neric/pgf/math/pgfmathparser.code.tex
\pgfmath@dimen=\dimen139
\pgfmath@count=\count112
\pgfmath@box=\box35
\pgfmath@toks=\toks23
\pgfmath@stack@operand=\toks24
\pgfmath@stack@operation=\toks25
)
(/opt/apps/ossw/applications/latex/texlive-2015-11-05/c7/2015/texmf-dist/tex/ge
neric/pgf/math/pgfmathfunctions.code.tex
(/opt/apps/ossw/applications/latex/texlive-2015-11-05/c7/2015/texmf-dist/tex/ge
neric/pgf/math/pgfmathfunctions.basic.code.tex)
(/opt/apps/ossw/applications/latex/texlive-2015-11-05/c7/2015/texmf-dist/tex/ge
neric/pgf/math/pgfmathfunctions.trigonometric.code.tex)
(/opt/apps/ossw/applications/latex/texlive-2015-11-05/c7/2015/texmf-dist/tex/ge
neric/pgf/math/pgfmathfunctions.random.code.tex)
(/opt/apps/ossw/applications/latex/texlive-2015-11-05/c7/2015/texmf-dist/tex/ge
neric/pgf/math/pgfmathfunctions.comparison.code.tex)
(/opt/apps/ossw/applications/latex/texlive-2015-11-05/c7/2015/texmf-dist/tex/ge
neric/pgf/math/pgfmathfunctions.base.code.tex)
(/opt/apps/ossw/applications/latex/texlive-2015-11-05/c7/2015/texmf-dist/tex/ge
neric/pgf/math/pgfmathfunctions.round.code.tex)
(/opt/apps/ossw/applications/latex/texlive-2015-11-05/c7/2015/texmf-dist/tex/ge
neric/pgf/math/pgfmathfunctions.misc.code.tex)
(/opt/apps/ossw/applications/latex/texlive-2015-11-05/c7/2015/texmf-dist/tex/ge
neric/pgf/math/pgfmathfunctions.integerarithmetics.code.tex)))
(/opt/apps/ossw/applications/latex/texlive-2015-11-05/c7/2015/texmf-dist/tex/ge
neric/pgf/math/pgfmathfloat.code.tex
\c@pgfmathroundto@lastzeros=\count113
))
(/opt/apps/ossw/applications/latex/texlive-2015-11-05/c7/2015/texmf-dist/tex/ge
neric/pgf/basiclayer/pgfcorepoints.code.tex
File: pgfcorepoints.code.tex 2013/10/07  (rcs-revision 1.27)
\pgf@picminx=\dimen140
\pgf@picmaxx=\dimen141
\pgf@picminy=\dimen142
\pgf@picmaxy=\dimen143
\pgf@pathminx=\dimen144
\pgf@pathmaxx=\dimen145
\pgf@pathminy=\dimen146
\pgf@pathmaxy=\dimen147
\pgf@xx=\dimen148
\pgf@xy=\dimen149
\pgf@yx=\dimen150
\pgf@yy=\dimen151
\pgf@zx=\dimen152
\pgf@zy=\dimen153
)
(/opt/apps/ossw/applications/latex/texlive-2015-11-05/c7/2015/texmf-dist/tex/ge
neric/pgf/basiclayer/pgfcorepathconstruct.code.tex
File: pgfcorepathconstruct.code.tex 2013/10/07  (rcs-revision 1.29)
\pgf@path@lastx=\dimen154
\pgf@path@lasty=\dimen155
)
(/opt/apps/ossw/applications/latex/texlive-2015-11-05/c7/2015/texmf-dist/tex/ge
neric/pgf/basiclayer/pgfcorepathusage.code.tex
File: pgfcorepathusage.code.tex 2014/11/02  (rcs-revision 1.24)
\pgf@shorten@end@additional=\dimen156
\pgf@shorten@start@additional=\dimen157
)
(/opt/apps/ossw/applications/latex/texlive-2015-11-05/c7/2015/texmf-dist/tex/ge
neric/pgf/basiclayer/pgfcorescopes.code.tex
File: pgfcorescopes.code.tex 2015/05/08  (rcs-revision 1.46)
\pgfpic=\box36
\pgf@hbox=\box37
\pgf@layerbox@main=\box38
\pgf@picture@serial@count=\count114
)
(/opt/apps/ossw/applications/latex/texlive-2015-11-05/c7/2015/texmf-dist/tex/ge
neric/pgf/basiclayer/pgfcoregraphicstate.code.tex
File: pgfcoregraphicstate.code.tex 2014/11/02  (rcs-revision 1.12)
\pgflinewidth=\dimen158
)
(/opt/apps/ossw/applications/latex/texlive-2015-11-05/c7/2015/texmf-dist/tex/ge
neric/pgf/basiclayer/pgfcoretransformations.code.tex
File: pgfcoretransformations.code.tex 2015/08/07  (rcs-revision 1.20)
\pgf@pt@x=\dimen159
\pgf@pt@y=\dimen160
\pgf@pt@temp=\dimen161
)
(/opt/apps/ossw/applications/latex/texlive-2015-11-05/c7/2015/texmf-dist/tex/ge
neric/pgf/basiclayer/pgfcorequick.code.tex
File: pgfcorequick.code.tex 2008/10/09  (rcs-revision 1.3)
)
(/opt/apps/ossw/applications/latex/texlive-2015-11-05/c7/2015/texmf-dist/tex/ge
neric/pgf/basiclayer/pgfcoreobjects.code.tex
File: pgfcoreobjects.code.tex 2006/10/11  (rcs-revision 1.2)
)
(/opt/apps/ossw/applications/latex/texlive-2015-11-05/c7/2015/texmf-dist/tex/ge
neric/pgf/basiclayer/pgfcorepathprocessing.code.tex
File: pgfcorepathprocessing.code.tex 2013/09/09  (rcs-revision 1.9)
)
(/opt/apps/ossw/applications/latex/texlive-2015-11-05/c7/2015/texmf-dist/tex/ge
neric/pgf/basiclayer/pgfcorearrows.code.tex
File: pgfcorearrows.code.tex 2015/05/14  (rcs-revision 1.43)
\pgfarrowsep=\dimen162
)
(/opt/apps/ossw/applications/latex/texlive-2015-11-05/c7/2015/texmf-dist/tex/ge
neric/pgf/basiclayer/pgfcoreshade.code.tex
File: pgfcoreshade.code.tex 2013/07/15  (rcs-revision 1.15)
\pgf@max=\dimen163
\pgf@sys@shading@range@num=\count115
)
(/opt/apps/ossw/applications/latex/texlive-2015-11-05/c7/2015/texmf-dist/tex/ge
neric/pgf/basiclayer/pgfcoreimage.code.tex
File: pgfcoreimage.code.tex 2013/07/15  (rcs-revision 1.18)

(/opt/apps/ossw/applications/latex/texlive-2015-11-05/c7/2015/texmf-dist/tex/ge
neric/pgf/basiclayer/pgfcoreexternal.code.tex
File: pgfcoreexternal.code.tex 2014/07/09  (rcs-revision 1.21)
\pgfexternal@startupbox=\box39
))
(/opt/apps/ossw/applications/latex/texlive-2015-11-05/c7/2015/texmf-dist/tex/ge
neric/pgf/basiclayer/pgfcorelayers.code.tex
File: pgfcorelayers.code.tex 2013/07/18  (rcs-revision 1.7)
)
(/opt/apps/ossw/applications/latex/texlive-2015-11-05/c7/2015/texmf-dist/tex/ge
neric/pgf/basiclayer/pgfcoretransparency.code.tex
File: pgfcoretransparency.code.tex 2013/09/30  (rcs-revision 1.5)
)
(/opt/apps/ossw/applications/latex/texlive-2015-11-05/c7/2015/texmf-dist/tex/ge
neric/pgf/basiclayer/pgfcorepatterns.code.tex
File: pgfcorepatterns.code.tex 2013/11/07  (rcs-revision 1.5)
)))
(/opt/apps/ossw/applications/latex/texlive-2015-11-05/c7/2015/texmf-dist/tex/la
tex/pgf/utilities/xxcolor.sty
Package: xxcolor 2003/10/24 ver 0.1
\XC@nummixins=\count116
\XC@countmixins=\count117
)
(/opt/apps/ossw/applications/latex/texlive-2015-11-05/c7/2015/texmf-dist/tex/ge
neric/oberdiek/atbegshi.sty
Package: atbegshi 2011/10/05 v1.16 At begin shipout hook (HO)
)
(/opt/apps/ossw/applications/latex/texlive-2015-11-05/c7/2015/texmf-dist/tex/la
tex/hyperref/hyperref.sty
Package: hyperref 2012/11/06 v6.83m Hypertext links for LaTeX

(/opt/apps/ossw/applications/latex/texlive-2015-11-05/c7/2015/texmf-dist/tex/ge
neric/oberdiek/hobsub-hyperref.sty
Package: hobsub-hyperref 2012/05/28 v1.13 Bundle oberdiek, subset hyperref (HO)


(/opt/apps/ossw/applications/latex/texlive-2015-11-05/c7/2015/texmf-dist/tex/ge
neric/oberdiek/hobsub-generic.sty
Package: hobsub-generic 2012/05/28 v1.13 Bundle oberdiek, subset generic (HO)
Package: hobsub 2012/05/28 v1.13 Construct package bundles (HO)
Package hobsub Info: Skipping package `infwarerr' (already loaded).
Package hobsub Info: Skipping package `ltxcmds' (already loaded).
Package: ifluatex 2010/03/01 v1.3 Provides the ifluatex switch (HO)
Package ifluatex Info: LuaTeX not detected.
Package hobsub Info: Skipping package `ifvtex' (already loaded).
Package: intcalc 2007/09/27 v1.1 Expandable calculations with integers (HO)
Package hobsub Info: Skipping package `ifpdf' (already loaded).
Package: etexcmds 2011/02/16 v1.5 Avoid name clashes with e-TeX commands (HO)
Package etexcmds Info: Could not find \expanded.
(etexcmds)             That can mean that you are not using pdfTeX 1.50 or
(etexcmds)             that some package has redefined \expanded.
(etexcmds)             In the latter case, load this package earlier.
Package: kvsetkeys 2012/04/25 v1.16 Key value parser (HO)
Package: kvdefinekeys 2011/04/07 v1.3 Define keys (HO)
Package: pdftexcmds 2011/11/29 v0.20 Utility functions of pdfTeX for LuaTeX (HO
)
Package pdftexcmds Info: LuaTeX not detected.
Package pdftexcmds Info: \pdf@primitive is available.
Package pdftexcmds Info: \pdf@ifprimitive is available.
Package pdftexcmds Info: \pdfdraftmode found.
Package: pdfescape 2011/11/25 v1.13 Implements pdfTeX's escape features (HO)
Package: bigintcalc 2012/04/08 v1.3 Expandable calculations on big integers (HO
)
Package: bitset 2011/01/30 v1.1 Handle bit-vector datatype (HO)
Package: uniquecounter 2011/01/30 v1.2 Provide unlimited unique counter (HO)
)
Package hobsub Info: Skipping package `hobsub' (already loaded).
Package: letltxmacro 2010/09/02 v1.4 Let assignment for LaTeX macros (HO)
Package: hopatch 2012/05/28 v1.2 Wrapper for package hooks (HO)
Package: xcolor-patch 2011/01/30 xcolor patch
Package: atveryend 2011/06/30 v1.8 Hooks at the very end of document (HO)
Package atveryend Info: \enddocument detected (standard20110627).
Package hobsub Info: Skipping package `atbegshi' (already loaded).
Package: refcount 2011/10/16 v3.4 Data extraction from label references (HO)
Package: hycolor 2011/01/30 v1.7 Color options for hyperref/bookmark (HO)
)
(/opt/apps/ossw/applications/latex/texlive-2015-11-05/c7/2015/texmf-dist/tex/la
tex/oberdiek/auxhook.sty
Package: auxhook 2011/03/04 v1.3 Hooks for auxiliary files (HO)
)
(/opt/apps/ossw/applications/latex/texlive-2015-11-05/c7/2015/texmf-dist/tex/la
tex/oberdiek/kvoptions.sty
Package: kvoptions 2011/06/30 v3.11 Key value format for package options (HO)
)
\@linkdim=\dimen164
\Hy@linkcounter=\count118
\Hy@pagecounter=\count119

(/opt/apps/ossw/applications/latex/texlive-2015-11-05/c7/2015/texmf-dist/tex/la
tex/hyperref/pd1enc.def
File: pd1enc.def 2012/11/06 v6.83m Hyperref: PDFDocEncoding definition (HO)
)
\Hy@SavedSpaceFactor=\count120

(/opt/apps/ossw/applications/latex/texlive-2015-11-05/c7/2015/texmf-dist/tex/la
tex/latexconfig/hyperref.cfg
File: hyperref.cfg 2002/06/06 v1.2 hyperref configuration of TeXLive
)
Package hyperref Info: Option `bookmarks' set `true' on input line 4319.
Package hyperref Info: Option `bookmarksopen' set `true' on input line 4319.
Package hyperref Info: Option `implicit' set `false' on input line 4319.
Package hyperref Info: Hyper figures OFF on input line 4443.
Package hyperref Info: Link nesting OFF on input line 4448.
Package hyperref Info: Hyper index ON on input line 4451.
Package hyperref Info: Plain pages OFF on input line 4458.
Package hyperref Info: Backreferencing OFF on input line 4463.
Package hyperref Info: Implicit mode OFF; no redefinition of LaTeX internals.
Package hyperref Info: Bookmarks ON on input line 4688.
\c@Hy@tempcnt=\count121

(/opt/apps/ossw/applications/latex/texlive-2015-11-05/c7/2015/texmf-dist/tex/la
tex/url/url.sty
\Urlmuskip=\muskip10
Package: url 2013/09/16  ver 3.4  Verb mode for urls, etc.
)
LaTeX Info: Redefining \url on input line 5041.
\XeTeXLinkMargin=\dimen165
\Fld@menulength=\count122
\Field@Width=\dimen166
\Fld@charsize=\dimen167
Package hyperref Info: Hyper figures OFF on input line 6295.
Package hyperref Info: Link nesting OFF on input line 6300.
Package hyperref Info: Hyper index ON on input line 6303.
Package hyperref Info: backreferencing OFF on input line 6310.
Package hyperref Info: Link coloring OFF on input line 6315.
Package hyperref Info: Link coloring with OCG OFF on input line 6320.
Package hyperref Info: PDF/A mode OFF on input line 6325.
LaTeX Info: Redefining \ref on input line 6365.
LaTeX Info: Redefining \pageref on input line 6369.
\Hy@abspage=\count123


Package hyperref Message: Stopped early.

)

Package hyperref Message: Driver (autodetected): hpdftex.


(/opt/apps/ossw/applications/latex/texlive-2015-11-05/c7/2015/texmf-dist/tex/la
tex/hyperref/hpdftex.def
File: hpdftex.def 2012/11/06 v6.83m Hyperref driver for pdfTeX
\Fld@listcount=\count124
\c@bookmark@seq@number=\count125

(/opt/apps/ossw/applications/latex/texlive-2015-11-05/c7/2015/texmf-dist/tex/la
tex/oberdiek/rerunfilecheck.sty
Package: rerunfilecheck 2011/04/15 v1.7 Rerun checks for auxiliary files (HO)
Package uniquecounter Info: New unique counter `rerunfilecheck' on input line 2
82.
))
(/opt/apps/ossw/applications/latex/texlive-2015-11-05/c7/2015/texmf-dist/tex/la
tex/beamer/beamerbaserequires.sty
Package: beamerbaserequires 2010/05/01  (rcs-revision efa082c6111d)

(/opt/apps/ossw/applications/latex/texlive-2015-11-05/c7/2015/texmf-dist/tex/la
tex/beamer/beamerbasecompatibility.sty
Package: beamerbasecompatibility 2012/05/01  (rcs-revision 67c48b3b652d)
)
(/opt/apps/ossw/applications/latex/texlive-2015-11-05/c7/2015/texmf-dist/tex/la
tex/beamer/beamerbasefont.sty
Package: beamerbasefont 2015/01/05  (rcs-revision b4b4bee242e2)

(/opt/apps/ossw/applications/latex/texlive-2015-11-05/c7/2015/texmf-dist/tex/la
tex/amsfonts/amssymb.sty
Package: amssymb 2013/01/14 v3.01 AMS font symbols

(/opt/apps/ossw/applications/latex/texlive-2015-11-05/c7/2015/texmf-dist/tex/la
tex/amsfonts/amsfonts.sty
Package: amsfonts 2013/01/14 v3.01 Basic AMSFonts support
\@emptytoks=\toks26
\symAMSa=\mathgroup4
\symAMSb=\mathgroup5
LaTeX Font Info:    Overwriting math alphabet `\mathfrak' in version `bold'
(Font)                  U/euf/m/n --> U/euf/b/n on input line 106.
)))
(/opt/apps/ossw/applications/latex/texlive-2015-11-05/c7/2015/texmf-dist/tex/la
tex/beamer/beamerbasetranslator.sty
Package: beamerbasetranslator 2010/06/11  (rcs-revision 85fd1cc7fc42)

(/opt/apps/ossw/applications/latex/texlive-2015-11-05/c7/2015/texmf-dist/tex/la
tex/beamer/translator/translator.sty
Package: translator 2010/06/12 ver 1.10

(/opt/apps/ossw/applications/latex/texlive-2015-11-05/c7/2015/texmf-dist/tex/la
tex/beamer/translator/translator-language-mappings.tex)))
(/opt/apps/ossw/applications/latex/texlive-2015-11-05/c7/2015/texmf-dist/tex/la
tex/beamer/beamerbasemisc.sty
Package: beamerbasemisc 2013/09/03  (rcs-revision a55719c41d85)
)
(/opt/apps/ossw/applications/latex/texlive-2015-11-05/c7/2015/texmf-dist/tex/la
tex/beamer/beamerbasetwoscreens.sty
Package: beamerbasetwoscreens 2010/05/01  (rcs-revision efa082c6111d)
)
(/opt/apps/ossw/applications/latex/texlive-2015-11-05/c7/2015/texmf-dist/tex/la
tex/beamer/beamerbaseoverlay.sty
Package: beamerbaseoverlay 2013/12/25  (rcs-revision f6bd5e3805da)
\beamer@argscount=\count126
\beamer@lastskipcover=\skip44
\beamer@trivlistdepth=\count127
)
(/opt/apps/ossw/applications/latex/texlive-2015-11-05/c7/2015/texmf-dist/tex/la
tex/beamer/beamerbasetitle.sty
Package: beamerbasetitle 2010/09/21  (rcs-revision f0446ed0b6ae)
)
(/opt/apps/ossw/applications/latex/texlive-2015-11-05/c7/2015/texmf-dist/tex/la
tex/beamer/beamerbasesection.sty
Package: beamerbasesection 2013/06/07  (rcs-revision 60b9fe0f342f)
\c@lecture=\count128
\c@part=\count129
\c@section=\count130
\c@subsection=\count131
\c@subsubsection=\count132
)
(/opt/apps/ossw/applications/latex/texlive-2015-11-05/c7/2015/texmf-dist/tex/la
tex/beamer/beamerbaseframe.sty
Package: beamerbaseframe 2014/02/20  (rcs-revision 4b8ceeeff434)
\beamer@framebox=\box40
\beamer@frametitlebox=\box41
\beamer@zoombox=\box42
\beamer@zoomcount=\count133
\beamer@zoomframecount=\count134
\beamer@frametextheight=\dimen168
\c@subsectionslide=\count135
\beamer@frametopskip=\skip45
\beamer@framebottomskip=\skip46
\beamer@frametopskipautobreak=\skip47
\beamer@framebottomskipautobreak=\skip48
\beamer@envbody=\toks27
\framewidth=\dimen169
\c@framenumber=\count136
)
(/opt/apps/ossw/applications/latex/texlive-2015-11-05/c7/2015/texmf-dist/tex/la
tex/beamer/beamerbaseverbatim.sty
Package: beamerbaseverbatim 2015/01/05  (rcs-revision 431510bb5890)
\beamer@verbatimfileout=\write4
)
(/opt/apps/ossw/applications/latex/texlive-2015-11-05/c7/2015/texmf-dist/tex/la
tex/beamer/beamerbaseframesize.sty
Package: beamerbaseframesize 2011/09/12  (rcs-revision 70f9d8411e54)
\beamer@splitbox=\box43
\beamer@autobreakcount=\count137
\beamer@autobreaklastheight=\dimen170
\beamer@frametitletoks=\toks28
\beamer@framesubtitletoks=\toks29
)
(/opt/apps/ossw/applications/latex/texlive-2015-11-05/c7/2015/texmf-dist/tex/la
tex/beamer/beamerbaseframecomponents.sty
Package: beamerbaseframecomponents 2013/10/18  (rcs-revision 5cf6c5555a45)
\beamer@footins=\box44
)
(/opt/apps/ossw/applications/latex/texlive-2015-11-05/c7/2015/texmf-dist/tex/la
tex/beamer/beamerbasecolor.sty
Package: beamerbasecolor 2015/02/21  (rcs-revision d944b04ee2d5)
)
(/opt/apps/ossw/applications/latex/texlive-2015-11-05/c7/2015/texmf-dist/tex/la
tex/beamer/beamerbasenotes.sty
Package: beamerbasenotes 2012/12/19  (rcs-revision 1686da3db3c9)
\beamer@frameboxcopy=\box45
)
(/opt/apps/ossw/applications/latex/texlive-2015-11-05/c7/2015/texmf-dist/tex/la
tex/beamer/beamerbasetoc.sty
Package: beamerbasetoc 2015/03/08  (rcs-revision 7270298bbaae)
)
(/opt/apps/ossw/applications/latex/texlive-2015-11-05/c7/2015/texmf-dist/tex/la
tex/beamer/beamerbasetemplates.sty
Package: beamerbasetemplates 2010/05/01  (rcs-revision efa082c6111d)
\beamer@sbttoks=\toks30

(/opt/apps/ossw/applications/latex/texlive-2015-11-05/c7/2015/texmf-dist/tex/la
tex/beamer/beamerbaseauxtemplates.sty
Package: beamerbaseauxtemplates 2014/06/30  (rcs-revision 580088513a67)

(/opt/apps/ossw/applications/latex/texlive-2015-11-05/c7/2015/texmf-dist/tex/la
tex/beamer/beamerbaseboxes.sty
Package: beamerbaseboxes 2012/05/13  (rcs-revision 56972908a390)
\bmb@box=\box46
\bmb@colorbox=\box47
\bmb@boxshadow=\box48
\bmb@boxshadowball=\box49
\bmb@boxshadowballlarge=\box50
\bmb@temp=\dimen171
\bmb@dima=\dimen172
\bmb@dimb=\dimen173
\bmb@prevheight=\dimen174
)
\beamer@blockheadheight=\dimen175
))
(/opt/apps/ossw/applications/latex/texlive-2015-11-05/c7/2015/texmf-dist/tex/la
tex/beamer/beamerbaselocalstructure.sty
Package: beamerbaselocalstructure 2014/09/10  (rcs-revision 393f6dcff371)

(/opt/apps/ossw/applications/latex/texlive-2015-11-05/c7/2015/texmf-dist/tex/la
tex/tools/enumerate.sty
Package: enumerate 2015/07/23 v3.00 enumerate extensions (DPC)
\@enLab=\toks31
)
\c@figure=\count138
\c@table=\count139
\abovecaptionskip=\skip49
\belowcaptionskip=\skip50
)
(/opt/apps/ossw/applications/latex/texlive-2015-11-05/c7/2015/texmf-dist/tex/la
tex/beamer/beamerbasenavigation.sty
Package: beamerbasenavigation 2015/02/27  (rcs-revision 923f4bf87efa)
\beamer@section@min@dim=\dimen176
)
(/opt/apps/ossw/applications/latex/texlive-2015-11-05/c7/2015/texmf-dist/tex/la
tex/beamer/beamerbasetheorems.sty
Package: beamerbasetheorems 2010/06/06  (rcs-revision 7e7cc5e53e9d)

(/opt/apps/ossw/applications/latex/texlive-2015-11-05/c7/2015/texmf-dist/tex/la
tex/amsmath/amsmath.sty
Package: amsmath 2013/01/14 v2.14 AMS math features
\@mathmargin=\skip51

For additional information on amsmath, use the `?' option.

(/opt/apps/ossw/applications/latex/texlive-2015-11-05/c7/2015/texmf-dist/tex/la
tex/amsmath/amstext.sty
Package: amstext 2000/06/29 v2.01

(/opt/apps/ossw/applications/latex/texlive-2015-11-05/c7/2015/texmf-dist/tex/la
tex/amsmath/amsgen.sty
File: amsgen.sty 1999/11/30 v2.0
\@emptytoks=\toks32
\ex@=\dimen177
))
(/opt/apps/ossw/applications/latex/texlive-2015-11-05/c7/2015/texmf-dist/tex/la
tex/amsmath/amsbsy.sty
Package: amsbsy 1999/11/29 v1.2d
\pmbraise@=\dimen178
)
(/opt/apps/ossw/applications/latex/texlive-2015-11-05/c7/2015/texmf-dist/tex/la
tex/amsmath/amsopn.sty
Package: amsopn 1999/12/14 v2.01 operator names
)
\inf@bad=\count140
LaTeX Info: Redefining \frac on input line 210.
\uproot@=\count141
\leftroot@=\count142
LaTeX Info: Redefining \overline on input line 306.
\classnum@=\count143
\DOTSCASE@=\count144
LaTeX Info: Redefining \ldots on input line 378.
LaTeX Info: Redefining \dots on input line 381.
LaTeX Info: Redefining \cdots on input line 466.
\Mathstrutbox@=\box51
\strutbox@=\box52
\big@size=\dimen179
LaTeX Font Info:    Redeclaring font encoding OML on input line 566.
LaTeX Font Info:    Redeclaring font encoding OMS on input line 567.
\macc@depth=\count145
\c@MaxMatrixCols=\count146
\dotsspace@=\muskip11
\c@parentequation=\count147
\dspbrk@lvl=\count148
\tag@help=\toks33
\row@=\count149
\column@=\count150
\maxfields@=\count151
\andhelp@=\toks34
\eqnshift@=\dimen180
\alignsep@=\dimen181
\tagshift@=\dimen182
\tagwidth@=\dimen183
\totwidth@=\dimen184
\lineht@=\dimen185
\@envbody=\toks35
\multlinegap=\skip52
\multlinetaggap=\skip53
\mathdisplay@stack=\toks36
LaTeX Info: Redefining \[ on input line 2665.
LaTeX Info: Redefining \] on input line 2666.
)
(/opt/apps/ossw/applications/latex/texlive-2015-11-05/c7/2015/texmf-dist/tex/la
tex/amscls/amsthm.sty
Package: amsthm 2015/03/04 v2.20.2
\thm@style=\toks37
\thm@bodyfont=\toks38
\thm@headfont=\toks39
\thm@notefont=\toks40
\thm@headpunct=\toks41
\thm@preskip=\skip54
\thm@postskip=\skip55
\thm@headsep=\skip56
\dth@everypar=\toks42
)
\c@theorem=\count152
)
(/opt/apps/ossw/applications/latex/texlive-2015-11-05/c7/2015/texmf-dist/tex/la
tex/beamer/beamerbasethemes.sty
Package: beamerbasethemes 2010/05/01  (rcs-revision efa082c6111d)
))
(/opt/apps/ossw/applications/latex/texlive-2015-11-05/c7/2015/texmf-dist/tex/la
tex/beamer/themes/theme/beamerthemedefault.sty
Package: beamerthemedefault 2010/06/17  (rcs-revision d02a7cf4d8ae)

(/opt/apps/ossw/applications/latex/texlive-2015-11-05/c7/2015/texmf-dist/tex/la
tex/beamer/themes/font/beamerfontthemedefault.sty
Package: beamerfontthemedefault 2012/12/19  (rcs-revision 1686da3db3c9)
)
(/opt/apps/ossw/applications/latex/texlive-2015-11-05/c7/2015/texmf-dist/tex/la
tex/beamer/themes/color/beamercolorthemedefault.sty
Package: beamercolorthemedefault 2012/12/19  (rcs-revision 1686da3db3c9)
)
(/opt/apps/ossw/applications/latex/texlive-2015-11-05/c7/2015/texmf-dist/tex/la
tex/beamer/themes/inner/beamerinnerthemedefault.sty
Package: beamerinnerthemedefault 2014/06/30  (rcs-revision 580088513a67)
\beamer@dima=\dimen186
\beamer@dimb=\dimen187
)
(/opt/apps/ossw/applications/latex/texlive-2015-11-05/c7/2015/texmf-dist/tex/la
tex/beamer/themes/outer/beamerouterthemedefault.sty
Package: beamerouterthemedefault 2012/12/19  (rcs-revision 1686da3db3c9)
)))
(/opt/apps/ossw/applications/latex/texlive-2015-11-05/c7/2015/texmf-dist/tex/la
tex/bezos/accents.sty
Package: accents 2006/05/12 v1.3 Math Accent Tools
\cc@skew=\dimen188
\cc@wd=\dimen189
\cc@code=\count153
\cc@group=\count154
\cc@skewchar=\count155
)
(/opt/apps/ossw/applications/latex/texlive-2015-11-05/c7/2015/texmf-dist/tex/la
tex/algorithms/algorithm.sty
Package: algorithm 2009/08/24 v0.1 Document Style `algorithm' - floating enviro
nment

(/opt/apps/ossw/applications/latex/texlive-2015-11-05/c7/2015/texmf-dist/tex/la
tex/float/float.sty
Package: float 2001/11/08 v1.3d Float enhancements (AL)
\c@float@type=\count156
\float@exts=\toks43
\float@box=\box53
\@float@everytoks=\toks44
\@floatcapt=\box54
)
(/opt/apps/ossw/applications/latex/texlive-2015-11-05/c7/2015/texmf-dist/tex/la
tex/base/ifthen.sty
Package: ifthen 2014/09/29 v1.1c Standard LaTeX ifthen package (DPC)
)
\@float@every@algorithm=\toks45
\c@algorithm=\count157
)
(/opt/apps/ossw/applications/latex/texlive-2015-11-05/c7/2015/texmf-dist/tex/la
tex/algorithms/algorithmic.sty
Package: algorithmic 2009/08/24 v0.1 Document Style `algorithmic'
\c@ALC@unique=\count158
\c@ALC@line=\count159
\c@ALC@rem=\count160
\c@ALC@depth=\count161
\ALC@tlm=\skip57
\algorithmicindent=\skip58
)
(/opt/apps/ossw/applications/latex/texlive-2015-11-05/c7/2015/texmf-dist/tex/la
tex/booktabs/booktabs.sty
Package: booktabs 2005/04/14 v1.61803 publication quality tables
\heavyrulewidth=\dimen190
\lightrulewidth=\dimen191
\cmidrulewidth=\dimen192
\belowrulesep=\dimen193
\belowbottomsep=\dimen194
\aboverulesep=\dimen195
\abovetopsep=\dimen196
\cmidrulesep=\dimen197
\cmidrulekern=\dimen198
\defaultaddspace=\dimen199
\@cmidla=\count162
\@cmidlb=\count163
\@aboverulesep=\dimen256
\@belowrulesep=\dimen257
\@thisruleclass=\count164
\@lastruleclass=\count165
\@thisrulewidth=\dimen258
)
(/opt/apps/ossw/applications/latex/texlive-2015-11-05/c7/2015/texmf-dist/tex/la
tex/colortbl/colortbl.sty
Package: colortbl 2012/02/13 v1.0a Color table columns (DPC)

(/opt/apps/ossw/applications/latex/texlive-2015-11-05/c7/2015/texmf-dist/tex/la
tex/tools/array.sty
Package: array 2014/10/28 v2.4c Tabular extension package (FMi)
\col@sep=\dimen259
\extrarowheight=\dimen260
\NC@list=\toks46
\extratabsurround=\skip59
\backup@length=\skip60
)
\everycr=\toks47
\minrowclearance=\skip61
)
(/opt/apps/ossw/applications/latex/texlive-2015-11-05/c7/2015/texmf-dist/tex/la
tex/oberdiek/ifdraft.sty
Package: ifdraft 2008/08/11 v1.3 Detect class options draft and final (HO)
)
(/opt/apps/ossw/applications/latex/texlive-2015-11-05/c7/2015/texmf-dist/tex/la
tex/jknapltx/mathrsfs.sty
Package: mathrsfs 1996/01/01 Math RSFS package v1.0 (jk)
\symrsfs=\mathgroup6
)
(/opt/apps/ossw/applications/latex/texlive-2015-11-05/c7/2015/texmf-dist/tex/la
tex/mathtools/mathtools.sty
Package: mathtools 2015/06/17 v1.17 mathematical typesetting tools

(/opt/apps/ossw/applications/latex/texlive-2015-11-05/c7/2015/texmf-dist/tex/la
tex/tools/calc.sty
Package: calc 2014/10/28 v4.3 Infix arithmetic (KKT,FJ)
\calc@Acount=\count166
\calc@Bcount=\count167
\calc@Adimen=\dimen261
\calc@Bdimen=\dimen262
\calc@Askip=\skip62
\calc@Bskip=\skip63
LaTeX Info: Redefining \setlength on input line 80.
LaTeX Info: Redefining \addtolength on input line 81.
\calc@Ccount=\count168
\calc@Cskip=\skip64
)
(/opt/apps/ossw/applications/latex/texlive-2015-11-05/c7/2015/texmf-dist/tex/la
tex/mathtools/mhsetup.sty
Package: mhsetup 2010/01/21 v1.2a programming setup (MH)
)
LaTeX Info: Thecontrolsequence`\('isalreadyrobust on input line 129.
LaTeX Info: Thecontrolsequence`\)'isalreadyrobust on input line 129.
LaTeX Info: Thecontrolsequence`\['isalreadyrobust on input line 129.
LaTeX Info: Thecontrolsequence`\]'isalreadyrobust on input line 129.
\g_MT_multlinerow_int=\count169
\l_MT_multwidth_dim=\dimen263
\origjot=\skip65
\l_MT_shortvdotswithinadjustabove_dim=\dimen264
\l_MT_shortvdotswithinadjustbelow_dim=\dimen265
\l_MT_above_intertext_sep=\dimen266
\l_MT_below_intertext_sep=\dimen267
\l_MT_above_shortintertext_sep=\dimen268
\l_MT_below_shortintertext_sep=\dimen269
)
(/opt/apps/ossw/applications/latex/texlive-2015-11-05/c7/2015/texmf-dist/tex/ge
neric/ulem/ulem.sty
\UL@box=\box55
\UL@hyphenbox=\box56
\UL@skip=\skip66
\UL@hook=\toks48
\UL@height=\dimen270
\UL@pe=\count170
\UL@pixel=\dimen271
\ULC@box=\box57
Package: ulem 2012/05/18
\ULdepth=\dimen272
)
(/opt/apps/ossw/applications/latex/texlive-2015-11-05/c7/2015/texmf-dist/tex/la
tex/caption/caption.sty
Package: caption 2015/09/17 v3.3-111 Customizing captions (AR)

(/opt/apps/ossw/applications/latex/texlive-2015-11-05/c7/2015/texmf-dist/tex/la
tex/caption/caption3.sty
Package: caption3 2015/09/20 v1.7-115 caption3 kernel (AR)
Package caption3 Info: TeX engine: e-TeX on input line 57.
\captionmargin=\dimen273
\captionmargin@=\dimen274
\captionwidth=\dimen275
\caption@tempdima=\dimen276
\caption@indent=\dimen277
\caption@parindent=\dimen278
\caption@hangindent=\dimen279
)
\c@ContinuedFloat=\count171
Package caption Info: beamer document class.
Package caption Info: float package is loaded.
Package caption Info: hyperref package is loaded.
Package caption Info: Hyperref support is turned off
(caption)             because hyperref has stopped early.
)
(/opt/apps/ossw/applications/latex/texlive-2015-11-05/c7/2015/texmf-dist/tex/la
tex/makecmds/makecmds.sty
Package: makecmds 2009/09/03 v1.0a extra command making commands
)
(/opt/apps/ossw/applications/latex/texlive-2015-11-05/c7/2015/texmf-dist/tex/la
tex/siunitx/siunitx.sty
(/opt/apps/ossw/applications/latex/texlive-2015-11-05/c7/2015/texmf-dist/tex/la
tex/l3kernel/expl3.sty
Package: expl3 2015/10/14 v6210 L3 programming layer (loader) 

(/opt/apps/ossw/applications/latex/texlive-2015-11-05/c7/2015/texmf-dist/tex/la
tex/l3kernel/expl3-code.tex
Package: expl3 2015/10/14 v6210 L3 programming layer (code) 
L3 Module: l3bootstrap 2015/09/30 v6139 L3 Bootstrap code
L3 Module: l3names 2015/10/10 v6209 L3 Namespace for primitives
L3 Module: l3basics 2015/09/22 v6033 L3 Basic definitions
L3 Module: l3expan 2015/09/10 v5983 L3 Argument expansion
L3 Module: l3tl 2015/09/29 v6121 L3 Token lists
L3 Module: l3str 2015/09/20 v6021 L3 Strings
L3 Module: l3seq 2015/08/05 v5777 L3 Sequences and stacks
L3 Module: l3int 2015/09/25 v6089 L3 Integers
\c_max_int=\count172
\l_tmpa_int=\count173
\l_tmpb_int=\count174
\g_tmpa_int=\count175
\g_tmpb_int=\count176
L3 Module: l3quark 2015/08/17 v5855 L3 Quarks
L3 Module: l3prg 2015/10/09 v6208 L3 Control structures
\g__prg_map_int=\count177
L3 Module: l3clist 2015/09/02 v5901 L3 Comma separated lists
L3 Module: l3token 2015/09/28 v6114 L3 Experimental token manipulation
L3 Module: l3prop 2015/08/05 v5777 L3 Property lists
L3 Module: l3msg 2015/09/28 v6113 L3 Messages
L3 Module: l3file 2015/09/23 v6037 L3 File and I/O operations
\l_iow_line_count_int=\count178
\l__iow_target_count_int=\count179
\l__iow_current_line_int=\count180
\l__iow_current_word_int=\count181
\l__iow_current_indentation_int=\count182
L3 Module: l3skip 2015/09/25 v6089 L3 Dimensions and skips
\c_zero_dim=\dimen280
\c_max_dim=\dimen281
\l_tmpa_dim=\dimen282
\l_tmpb_dim=\dimen283
\g_tmpa_dim=\dimen284
\g_tmpb_dim=\dimen285
\c_zero_skip=\skip67
\c_max_skip=\skip68
\l_tmpa_skip=\skip69
\l_tmpb_skip=\skip70
\g_tmpa_skip=\skip71
\g_tmpb_skip=\skip72
\c_zero_muskip=\muskip12
\c_max_muskip=\muskip13
\l_tmpa_muskip=\muskip14
\l_tmpb_muskip=\muskip15
\g_tmpa_muskip=\muskip16
\g_tmpb_muskip=\muskip17
L3 Module: l3keys 2015/09/23 v6037 L3 Key-value interfaces
\g__keyval_level_int=\count183
\l_keys_choice_int=\count184
L3 Module: l3fp 2015/08/25 v5890 L3 Floating points
\c__fp_leading_shift_int=\count185
\c__fp_middle_shift_int=\count186
\c__fp_trailing_shift_int=\count187
\c__fp_big_leading_shift_int=\count188
\c__fp_big_middle_shift_int=\count189
\c__fp_big_trailing_shift_int=\count190
\c__fp_Bigg_leading_shift_int=\count191
\c__fp_Bigg_middle_shift_int=\count192
\c__fp_Bigg_trailing_shift_int=\count193
L3 Module: l3box 2015/08/09 v5822 L3 Experimental boxes
\c_empty_box=\box58
\l_tmpa_box=\box59
\l_tmpb_box=\box60
\g_tmpa_box=\box61
\g_tmpb_box=\box62
L3 Module: l3coffins 2015/08/06 v5789 L3 Coffin code layer
\l__coffin_internal_box=\box63
\l__coffin_internal_dim=\dimen286
\l__coffin_offset_x_dim=\dimen287
\l__coffin_offset_y_dim=\dimen288
\l__coffin_x_dim=\dimen289
\l__coffin_y_dim=\dimen290
\l__coffin_x_prime_dim=\dimen291
\l__coffin_y_prime_dim=\dimen292
\c_empty_coffin=\box64
\l__coffin_aligned_coffin=\box65
\l__coffin_aligned_internal_coffin=\box66
\l_tmpa_coffin=\box67
\l_tmpb_coffin=\box68
\l__coffin_display_coffin=\box69
\l__coffin_display_coord_coffin=\box70
\l__coffin_display_pole_coffin=\box71
\l__coffin_display_offset_dim=\dimen293
\l__coffin_display_x_dim=\dimen294
\l__coffin_display_y_dim=\dimen295
L3 Module: l3color 2014/08/23 v5354 L3 Experimental color support
L3 Module: l3candidates 2015/10/09 v6208 L3 Experimental additions to l3kernel
\l__box_top_dim=\dimen296
\l__box_bottom_dim=\dimen297
\l__box_left_dim=\dimen298
\l__box_right_dim=\dimen299
\l__box_top_new_dim=\dimen300
\l__box_bottom_new_dim=\dimen301
\l__box_left_new_dim=\dimen302
\l__box_right_new_dim=\dimen303
\l__box_internal_box=\box72
\l__coffin_bounding_shift_dim=\dimen304
\l__coffin_left_corner_dim=\dimen305
\l__coffin_right_corner_dim=\dimen306
\l__coffin_bottom_corner_dim=\dimen307
\l__coffin_top_corner_dim=\dimen308
\l__coffin_scaled_total_height_dim=\dimen309
\l__coffin_scaled_width_dim=\dimen310
L3 Module: l3sys 2015/09/25 v6087 L3 Experimental system/runtime functions
L3 Module: l3luatex 2015/09/10 v5983 L3 Experimental LuaTeX-specific functions
)
(/opt/apps/ossw/applications/latex/texlive-2015-11-05/c7/2015/texmf-dist/tex/la
tex/l3kernel/l3unicode-data.def
File: l3unicode-data.def 2015/07/20 v5676 L3 Unicode data
)
(/opt/apps/ossw/applications/latex/texlive-2015-11-05/c7/2015/texmf-dist/tex/la
tex/l3kernel/l3pdfmode.def
File: l3pdfmode.def 2015/09/10 v5983 L3 Experimental driver: PDF mode
\l__driver_color_stack_int=\count194
))
(/opt/apps/ossw/applications/latex/texlive-2015-11-05/c7/2015/texmf-dist/tex/la
tex/l3packages/xparse/xparse.sty
Package: xparse 2015/10/14 v6210 L3 Experimental document command parser
\l__xparse_current_arg_int=\count195
\l__xparse_m_args_int=\count196
\l__xparse_mandatory_args_int=\count197
\l__xparse_processor_int=\count198
\l__xparse_v_nesting_int=\count199
)
Package: siunitx 2015/10/15 v2.6m A comprehensive (SI) units package

(/opt/apps/ossw/applications/latex/texlive-2015-11-05/c7/2015/texmf-dist/tex/la
tex/l3packages/l3keys2e/l3keys2e.sty
Package: l3keys2e 2015/10/14 v6210 LaTeX2e option processing using LaTeX3 keys
)
\l__siunitx_tmp_box=\box73
\l__siunitx_tmp_dim=\dimen311
\l__siunitx_tmp_int=\count266
\l__siunitx_number_mantissa_length_int=\count267
\l__siunitx_number_uncert_length_int=\count268
\l__siunitx_round_int=\count269
\l__siunitx_process_decimal_int=\count270
\l__siunitx_process_uncertainty_int=\count271
\l__siunitx_process_fixed_int=\count272
\l__siunitx_process_integer_min_int=\count273
\l__siunitx_process_precision_int=\count274
\l__siunitx_group_min_int=\count275
\l__siunitx_angle_marker_box=\box74
\l__siunitx_angle_unit_box=\box75
\l__siunitx_angle_marker_dim=\dimen312
\l__siunitx_angle_unit_dim=\dimen313
\l__siunitx_unit_int=\count276
\l__siunitx_unit_denominator_int=\count277
\l__siunitx_unit_numerator_int=\count278
\l__siunitx_unit_prefix_int=\count279
\l__siunitx_unit_prefix_base_int=\count280
\l__siunitx_unit_prefix_gram_int=\count281
\l__siunitx_number_product_int=\count282
\c__siunitx_one_fill_skip=\skip73
\l__siunitx_table_unit_align_skip=\skip74
\l__siunitx_table_exponent_dim=\dimen314
\l__siunitx_table_integer_dim=\dimen315
\l__siunitx_table_mantissa_dim=\dimen316
\l__siunitx_table_marker_dim=\dimen317
\l__siunitx_table_result_dim=\dimen318
\l__siunitx_table_uncert_dim=\dimen319
\l__siunitx_table_fill_pre_dim=\dimen320
\l__siunitx_table_fill_post_dim=\dimen321
\l__siunitx_table_fill_mid_dim=\dimen322
\l__siunitx_table_pre_box=\box76
\l__siunitx_table_post_box=\box77
\l__siunitx_table_mantissa_box=\box78
\l__siunitx_table_result_box=\box79
\l__siunitx_table_number_align_skip=\skip75
\l__siunitx_table_text_align_skip=\skip76
.................................................
. LaTeX info: "xparse/define-command"
. 
. Defining command \DeclareBinaryPrefix with sig. 'mmm' on line 7209.
.................................................
.................................................
. LaTeX info: "xparse/define-command"
. 
. Defining command \DeclareSIPostPower with sig. 'mm' on line 7212.
.................................................
.................................................
. LaTeX info: "xparse/define-command"
. 
. Defining command \DeclareSIPrefix with sig. 'mmm' on line 7215.
.................................................
.................................................
. LaTeX info: "xparse/define-command"
. 
. Defining command \DeclareSIPrePower with sig. 'mm' on line 7218.
.................................................
.................................................
. LaTeX info: "xparse/define-command"
. 
. Defining command \DeclareSIQualifier with sig. 'mm' on line 7221.
.................................................
.................................................
. LaTeX info: "xparse/define-command"
. 
. Defining command \DeclareSIUnit with sig. 'O{}mm' on line 7224.
.................................................
.................................................
. LaTeX info: "xparse/define-command"
. 
. Defining command \DeclareSIUnitWithOptions with sig. 'mmm' on line 7227.
.................................................
.................................................
. LaTeX info: "xparse/define-command"
. 
. Defining command \ang with sig. 'o>{\SplitArgument {2}{;}}m' on line 7242.
.................................................
.................................................
. LaTeX info: "xparse/define-command"
. 
. Defining command \num with sig. 'om' on line 7250.
.................................................
.................................................
. LaTeX info: "xparse/define-command"
. 
. Defining command \numlist with sig. 'o>{\SplitList {;}}m' on line 7258.
.................................................
.................................................
. LaTeX info: "xparse/define-command"
. 
. Defining command \numrange with sig. 'omm' on line 7266.
.................................................
.................................................
. LaTeX info: "xparse/define-command"
. 
. Defining command \SIlist with sig. 'o>{\SplitList {;}}mm' on line 7277.
.................................................
.................................................
. LaTeX info: "xparse/define-command"
. 
. Defining command \SIrange with sig. 'ommm' on line 7288.
.................................................
.................................................
. LaTeX info: "xparse/define-command"
. 
. Defining command \SI with sig. 'omom' on line 7299.
.................................................
.................................................
. LaTeX info: "xparse/define-command"
. 
. Defining command \sisetup with sig. 'm' on line 7302.
.................................................
.................................................
. LaTeX info: "xparse/define-command"
. 
. Defining command \tablenum with sig. 'om' on line 7314.
.................................................
.................................................
. LaTeX info: "xparse/define-command"
. 
. Defining command \si with sig. 'om' on line 7325.
.................................................
.................................................
. LaTeX info: "xparse/define-command"
. 
. Defining command \__siunitx_bookmark_num:w with sig. 'om' on line 7372.
.................................................
.................................................
. LaTeX info: "xparse/define-command"
. 
. Defining command \__siunitx_bookmark_numrange:w with sig. 'omm' on line
. 7374.
.................................................
.................................................
. LaTeX info: "xparse/define-command"
. 
. Defining command \__siunitx_bookmark_SI:w with sig. 'omom' on line 7376.
.................................................
.................................................
. LaTeX info: "xparse/define-command"
. 
. Defining command \__siunitx_bookmark_SIlist:w with sig. 'omm' on line 7378.
.................................................
.................................................
. LaTeX info: "xparse/define-command"
. 
. Defining command \__siunitx_bookmark_SIrange:w with sig. 'ommm' on line
. 7380.
.................................................
.................................................
. LaTeX info: "xparse/define-command"
. 
. Defining command \__siunitx_bookmark_si:w with sig. 'om' on line 7381.
.................................................
\g__file_internal_ior=\read2
)
(/opt/apps/ossw/applications/latex/texlive-2015-11-05/c7/2015/texmf-dist/tex/la
tex/appendixnumberbeamer/appendixnumberbeamer.sty) (./beamerthemepecostalk.sty
(/opt/apps/ossw/applications/latex/texlive-2015-11-05/c7/2015/texmf-dist/tex/la
tex/beamer/themes/color/beamercolorthemerose.sty
Package: beamercolorthemerose 2010/06/17  (rcs-revision d02a7cf4d8ae)
)
(/opt/apps/ossw/applications/latex/texlive-2015-11-05/c7/2015/texmf-dist/tex/la
tex/beamer/themes/inner/beamerinnerthemerounded.sty
Package: beamerinnerthemerounded 2010/06/17  (rcs-revision d02a7cf4d8ae)
)
(/opt/apps/ossw/applications/latex/texlive-2015-11-05/c7/2015/texmf-dist/tex/la
tex/beamer/themes/color/beamercolorthemedolphin.sty
Package: beamercolorthemedolphin 2010/06/17  (rcs-revision d02a7cf4d8ae)
)
(./beamerouterthemepecoslines.sty
Package: beamerouterthemepecoslines 2007/01/28  (rcs-revision 1.9)
)
(/opt/apps/ossw/applications/latex/texlive-2015-11-05/c7/2015/texmf-dist/tex/la
tex/psnfss/helvet.sty
Package: helvet 2005/04/12 PSNFSS-v9.2a (WaS) 
)
(/opt/apps/ossw/applications/latex/texlive-2015-11-05/c7/2015/texmf-dist/tex/la
tex/beamer/themes/color/beamercolorthemestructure.sty
Package: beamercolorthemestructure 2010/06/17  (rcs-revision d02a7cf4d8ae)
))
(/opt/apps/ossw/applications/latex/texlive-2015-11-05/c7/2015/texmf-dist/tex/la
tex/natbib/natbib.sty
Package: natbib 2010/09/13 8.31b (PWD, AO)
\bibhang=\skip77
\bibsep=\skip78
LaTeX Info: Redefining \cite on input line 694.
\c@NAT@ctr=\count283
) (./commands.tex)

Package makecmds Warning: Redefining command `\c' on input line 35.

(./defense.aux)
\openout1 = `defense.aux'.

LaTeX Font Info:    Checking defaults for OML/cmm/m/it on input line 48.
LaTeX Font Info:    ... okay on input line 48.
LaTeX Font Info:    Checking defaults for T1/cmr/m/n on input line 48.
LaTeX Font Info:    ... okay on input line 48.
LaTeX Font Info:    Checking defaults for OT1/cmr/m/n on input line 48.
LaTeX Font Info:    ... okay on input line 48.
LaTeX Font Info:    Checking defaults for OMS/cmsy/m/n on input line 48.
LaTeX Font Info:    ... okay on input line 48.
LaTeX Font Info:    Checking defaults for OMX/cmex/m/n on input line 48.
LaTeX Font Info:    ... okay on input line 48.
LaTeX Font Info:    Checking defaults for U/cmr/m/n on input line 48.
LaTeX Font Info:    ... okay on input line 48.
LaTeX Font Info:    Checking defaults for PD1/pdf/m/n on input line 48.
LaTeX Font Info:    ... okay on input line 48.
LaTeX Font Info:    Try loading font information for OT1+phv on input line 48.

(/opt/apps/ossw/applications/latex/texlive-2015-11-05/c7/2015/texmf-dist/tex/la
tex/psnfss/ot1phv.fd
File: ot1phv.fd 2001/06/04 scalable font definitions for OT1/phv.
)
LaTeX Font Info:    Font shape `OT1/phv/m/n' will be
(Font)              scaled to size 10.40245pt on input line 48.

*geometry* driver: auto-detecting
*geometry* detected driver: pdftex
*geometry* verbose mode - [ preamble ] result:
* driver: pdftex
* paper: custom
* layout: <same size as paper>
* layoutoffset:(h,v)=(0.0pt,0.0pt)
* modes: includehead includefoot 
* h-part:(L,W,R)=(10.95003pt, 342.2953pt, 10.95003pt)
* v-part:(T,H,B)=(0.0pt, 273.14662pt, 0.0pt)
* \paperwidth=364.19536pt
* \paperheight=273.14662pt
* \textwidth=342.2953pt
* \textheight=244.6939pt
* \oddsidemargin=-61.31996pt
* \evensidemargin=-61.31996pt
* \topmargin=-72.26999pt
* \headheight=14.22636pt
* \headsep=0.0pt
* \topskip=11.0pt
* \footskip=14.22636pt
* \marginparwidth=4.0pt
* \marginparsep=10.0pt
* \columnsep=10.0pt
* \skip\footins=10.0pt plus 4.0pt minus 2.0pt
* \hoffset=0.0pt
* \voffset=0.0pt
* \mag=1000
* \@twocolumnfalse
* \@twosidefalse
* \@mparswitchfalse
* \@reversemarginfalse
* (1in=72.27pt=25.4mm, 1cm=28.453pt)


(/opt/apps/ossw/applications/latex/texlive-2015-11-05/c7/2015/texmf-dist/tex/co
ntext/base/supp-pdf.mkii
[Loading MPS to PDF converter (version 2006.09.02).]
\scratchcounter=\count284
\scratchdimen=\dimen323
\scratchbox=\box80
\nofMPsegments=\count285
\nofMParguments=\count286
\everyMPshowfont=\toks49
\MPscratchCnt=\count287
\MPscratchDim=\dimen324
\MPnumerator=\count288
\makeMPintoPDFobject=\count289
\everyMPtoPDFconversion=\toks50
)
(/opt/apps/ossw/applications/latex/texlive-2015-11-05/c7/2015/texmf-dist/tex/la
tex/oberdiek/epstopdf-base.sty
Package: epstopdf-base 2010/02/09 v2.5 Base part for package epstopdf

(/opt/apps/ossw/applications/latex/texlive-2015-11-05/c7/2015/texmf-dist/tex/la
tex/oberdiek/grfext.sty
Package: grfext 2010/08/19 v1.1 Manage graphics extensions (HO)
)
Package grfext Info: Graphics extension search list:
(grfext)             [.png,.pdf,.jpg,.mps,.jpeg,.jbig2,.jb2,.PNG,.PDF,.JPG,.JPE
G,.JBIG2,.JB2,.eps]
(grfext)             \AppendGraphicsExtensions on input line 452.

(/opt/apps/ossw/applications/latex/texlive-2015-11-05/c7/2015/texmf-dist/tex/la
tex/latexconfig/epstopdf-sys.cfg
File: epstopdf-sys.cfg 2010/07/13 v1.3 Configuration of (r)epstopdf for TeX Liv
e
)) ABD: EveryShipout initializing macros
\AtBeginShipoutBox=\box81
Package hyperref Info: Link coloring OFF on input line 48.

(/opt/apps/ossw/applications/latex/texlive-2015-11-05/c7/2015/texmf-dist/tex/la
tex/hyperref/nameref.sty
Package: nameref 2012/10/27 v2.43 Cross-referencing by name of section

(/opt/apps/ossw/applications/latex/texlive-2015-11-05/c7/2015/texmf-dist/tex/ge
neric/oberdiek/gettitlestring.sty
Package: gettitlestring 2010/12/03 v1.4 Cleanup title references (HO)
)
\c@section@level=\count290
)
LaTeX Info: Redefining \ref on input line 48.
LaTeX Info: Redefining \pageref on input line 48.
LaTeX Info: Redefining \nameref on input line 48.
 (./defense.out) (./defense.out)
\@outlinefile=\write5
\openout5 = `defense.out'.


(/opt/apps/ossw/applications/latex/texlive-2015-11-05/c7/2015/texmf-dist/tex/la
tex/beamer/translator/dicts/translator-basic-dictionary/translator-basic-dictio
nary-English.dict
Dictionary: translator-basic-dictionary, Language: English 
)
(/opt/apps/ossw/applications/latex/texlive-2015-11-05/c7/2015/texmf-dist/tex/la
tex/beamer/translator/dicts/translator-bibliography-dictionary/translator-bibli
ography-dictionary-English.dict
Dictionary: translator-bibliography-dictionary, Language: English 
)
(/opt/apps/ossw/applications/latex/texlive-2015-11-05/c7/2015/texmf-dist/tex/la
tex/beamer/translator/dicts/translator-environment-dictionary/translator-enviro
nment-dictionary-English.dict
Dictionary: translator-environment-dictionary, Language: English 
)
(/opt/apps/ossw/applications/latex/texlive-2015-11-05/c7/2015/texmf-dist/tex/la
tex/beamer/translator/dicts/translator-months-dictionary/translator-months-dict
ionary-English.dict
Dictionary: translator-months-dictionary, Language: English 
)
(/opt/apps/ossw/applications/latex/texlive-2015-11-05/c7/2015/texmf-dist/tex/la
tex/beamer/translator/dicts/translator-numbers-dictionary/translator-numbers-di
ctionary-English.dict
Dictionary: translator-numbers-dictionary, Language: English 
)
(/opt/apps/ossw/applications/latex/texlive-2015-11-05/c7/2015/texmf-dist/tex/la
tex/beamer/translator/dicts/translator-theorem-dictionary/translator-theorem-di
ctionary-English.dict
Dictionary: translator-theorem-dictionary, Language: English 
)
LaTeX Info: Redefining \includegraphics on input line 48.
Package caption Info: Begin \AtBeginDocument code.
Package caption Info: End \AtBeginDocument code.

(/opt/apps/ossw/applications/latex/texlive-2015-11-05/c7/2015/texmf-dist/tex/la
tex/siunitx/siunitx-abbreviations.cfg
File: siunitx-abbreviations.cfg 2015/10/15 v2.6m siunitx: Abbreviated units
) (./defense.nav)
LaTeX Font Info:    Font shape `OT1/phv/m/n' will be
(Font)              scaled to size 5.69998pt on input line 48.
\c__siunitx_mathsf_int=\count291
LaTeX Font Info:    Try loading font information for U+msa on input line 48.

(/opt/apps/ossw/applications/latex/texlive-2015-11-05/c7/2015/texmf-dist/tex/la
tex/amsfonts/umsa.fd
File: umsa.fd 2013/01/14 v3.01 AMS symbols A
)
LaTeX Font Info:    Try loading font information for U+msb on input line 48.

(/opt/apps/ossw/applications/latex/texlive-2015-11-05/c7/2015/texmf-dist/tex/la
tex/amsfonts/umsb.fd
File: umsb.fd 2013/01/14 v3.01 AMS symbols B
)
LaTeX Font Info:    Try loading font information for U+rsfs on input line 48.

(/opt/apps/ossw/applications/latex/texlive-2015-11-05/c7/2015/texmf-dist/tex/la
tex/jknapltx/ursfs.fd
File: ursfs.fd 1998/03/24 rsfs font definition file (jk)
)
\c__siunitx_mathtt_int=\count292
LaTeX Font Info:    Font shape `OT1/phv/m/n' will be
(Font)              scaled to size 13.67995pt on input line 80.

Overfull \hbox (12.5254pt too wide) in paragraph at lines 80--80
 [][] 
 []

LaTeX Font Info:    Font shape `OT1/phv/m/n' will be
(Font)              scaled to size 7.59998pt on input line 80.
<figs/circle-logo.pdf, id=66, 413.545pt x 413.545pt>
File: figs/circle-logo.pdf Graphic file (type pdf)

<use figs/circle-logo.pdf>
Package pdftex.def Info: figs/circle-logo.pdf used on input line 80.
(pdftex.def)             Requested size: 28.9511pt x 28.9511pt.
LaTeX Font Info:    Font shape `OT1/phv/m/it' in size <6> not available
(Font)              Font shape `OT1/phv/m/sl' tried instead on input line 80.
LaTeX Font Info:    Font shape `OT1/phv/m/sl' will be
(Font)              scaled to size 5.69998pt on input line 80.

<figs/asc_logo.jpg, id=67, 135.50626pt x 138.5175pt>
File: figs/asc_logo.jpg Graphic file (type jpg)
 <use figs/asc_logo.jpg>
Package pdftex.def Info: figs/asc_logo.jpg used on input line 80.
(pdftex.def)             Requested size: 13.5514pt x 13.85255pt.
LaTeX Font Info:    Font shape `OT1/phv/m/n' will be
(Font)              scaled to size 3.79999pt on input line 80.

[1

{/opt/apps/ossw/applications/latex/texlive-2015-11-05/c7/2015/texmf-var/fonts/m
ap/pdftex/updmap/pdftex.map} <./figs/circle-logo.pdf> <./figs/asc_logo.jpg>]
[2

] [3

] [4

] (./defense.toc) [5

]

Package hyperref Warning: Token not allowed in a PDF string (PDFDocEncoding):
(hyperref)                removing `\newline' on input line 143.

<figs/ResponsibleFlightRegimes_Raster.png, id=135, 683.353pt x 468.5505pt>
File: figs/ResponsibleFlightRegimes_Raster.png Graphic file (type png)

<use figs/ResponsibleFlightRegimes_Raster.png>
Package pdftex.def Info: figs/ResponsibleFlightRegimes_Raster.png used on input
 line 172.
(pdftex.def)             Requested size: 342.2953pt x 234.69649pt.
LaTeX Font Info:    Font shape `OT1/phv/m/n' will be
(Font)              scaled to size 9.49997pt on input line 172.

Overfull \vbox (9.3529pt too high) detected at line 172
 []

[6

 <./figs/ResponsibleFlightRegimes_Raster.png>]
<figs/Capsule_image_updated.png, id=144, 1541.76pt x 1180.41pt>
File: figs/Capsule_image_updated.png Graphic file (type png)

<use figs/Capsule_image_updated.png>
Package pdftex.def Info: figs/Capsule_image_updated.png used on input line 187.

(pdftex.def)             Requested size: 198.53189pt x 151.99974pt.
LaTeX Font Info:    Font shape `OT1/phv/m/n' will be
(Font)              scaled to size 11.39996pt on input line 187.
LaTeX Font Info:    Try loading font information for OMS+phv on input line 187.


(/opt/apps/ossw/applications/latex/texlive-2015-11-05/c7/2015/texmf-dist/tex/la
tex/psnfss/omsphv.fd
File: omsphv.fd 
)
LaTeX Font Info:    Font shape `OMS/phv/m/n' in size <10> not available
(Font)              Font shape `OMS/cmsy/m/n' tried instead on input line 187.
 [7

 <./figs/Capsule_image_updated.png>]
File: figs/Capsule_image_updated.png Graphic file (type png)

<use figs/Capsule_image_updated.png>
Package pdftex.def Info: figs/Capsule_image_updated.png used on input line 206.

(pdftex.def)             Requested size: 198.53189pt x 151.99974pt.

Overfull \vbox (2.0862pt too high) detected at line 206
 []

[8

] (./defense.toc) [9

]
<figs/sensitivity_by_submodel_portrait.png, id=194, 1756.5625pt x 2228.325pt>
File: figs/sensitivity_by_submodel_portrait.png Graphic file (type png)

<use figs/sensitivity_by_submodel_portrait.png>
Package pdftex.def Info: figs/sensitivity_by_submodel_portrait.png used on inpu
t line 257.
(pdftex.def)             Requested size: 142.5686pt x 180.85374pt.
 [10

 <./figs/sensitivity_by_submodel_portrait.png>] [11

]
LaTeX Font Info:    Font shape `OT1/phv/m/n' will be
(Font)              scaled to size 8.54997pt on input line 402.
LaTeX Font Info:    Font shape `OT1/phv/m/n' will be
(Font)              scaled to size 4.74998pt on input line 402.
 [12

]
<figs/FlatPlateSchematic.pdf, id=229, 352.75067pt x 151.61229pt>
File: figs/FlatPlateSchematic.pdf Graphic file (type pdf)

<use figs/FlatPlateSchematic.pdf>
Package pdftex.def Info: figs/FlatPlateSchematic.pdf used on input line 463.
(pdftex.def)             Requested size: 171.14764pt x 73.56192pt.
LaTeX Font Info:    Font shape `OT1/phv/m/n' will be
(Font)              scaled to size 6.64998pt on input line 463.
 [13

 <./figs/FlatPlateSchematic.pdf>] [14

]
[15

] (./defense.toc) [16

]
<figs/Spalart1988Figure1a.pdf, id=284, 489.83pt x 168.63pt>
File: figs/Spalart1988Figure1a.pdf Graphic file (type pdf)

<use figs/Spalart1988Figure1a.pdf>
Package pdftex.def Info: figs/Spalart1988Figure1a.pdf used on input line 531.
(pdftex.def)             Requested size: 169.4371pt x 58.32921pt.
 [17

 <./figs/Spalart1988Figure1a.pdf>]
File: figs/Spalart1988Figure1a.pdf Graphic file (type pdf)

<use figs/Spalart1988Figure1a.pdf>
Package pdftex.def Info: figs/Spalart1988Figure1a.pdf used on input line 531.
(pdftex.def)             Requested size: 169.4371pt x 58.32921pt.

<figs/rayleigh_cartoon.pdf, id=295, 80.3pt x 71.26625pt>
File: figs/rayleigh_cartoon.pdf Graphic file (type pdf)

<use figs/rayleigh_cartoon.pdf>
Package pdftex.def Info: figs/rayleigh_cartoon.pdf used on input line 531.
(pdftex.def)             Requested size: 64.55626pt x 57.2947pt.
 [18

 <./figs/rayleigh_cartoon.pdf>]
File: figs/Spalart1988Figure1a.pdf Graphic file (type pdf)

<use figs/Spalart1988Figure1a.pdf>
Package pdftex.def Info: figs/Spalart1988Figure1a.pdf used on input line 531.
(pdftex.def)             Requested size: 169.4371pt x 58.32921pt.
File: figs/rayleigh_cartoon.pdf Graphic file (type pdf)
 <use figs/rayleigh_cartoon.pdf>
Package pdftex.def Info: figs/rayleigh_cartoon.pdf used on input line 531.
(pdftex.def)             Requested size: 64.55626pt x 57.2947pt.

<figs/nozzle_schematic.pdf, id=311, 168.63pt x 172.645pt>
File: figs/nozzle_schematic.pdf Graphic file (type pdf)

<use figs/nozzle_schematic.pdf>
Package pdftex.def Info: figs/nozzle_schematic.pdf used on input line 531.
(pdftex.def)             Requested size: 56.13606pt x 57.4709pt.
 [19

 <./figs/nozzle_schematic.pdf>] [20

]
LaTeX Font Info:    Font shape `OT1/phv/m/it' in size <10> not available
(Font)              Font shape `OT1/phv/m/sl' tried instead on input line 821.
LaTeX Font Info:    Font shape `OT1/phv/m/sl' will be
(Font)              scaled to size 9.49997pt on input line 821.

<figs/SuzerainDesignOverview.pdf, id=341, 277.41438pt x 355.65945pt>
File: figs/SuzerainDesignOverview.pdf Graphic file (type pdf)

<use figs/SuzerainDesignOverview.pdf>
Package pdftex.def Info: figs/SuzerainDesignOverview.pdf used on input line 821
.
(pdftex.def)             Requested size: 162.58974pt x 208.45338pt.
 [21

 <./figs/SuzerainDesignOverview.pdf>]
(./defense.toc) [22

] <figs/symplanenorm.pdf, id=388, 671.50874pt x 985.6825pt>
File: figs/symplanenorm.pdf Graphic file (type pdf)

<use figs/symplanenorm.pdf>
Package pdftex.def Info: figs/symplanenorm.pdf used on input line 1030.
(pdftex.def)             Requested size: 123.22359pt x 180.87445pt.

Overfull \hbox (30.77945pt too wide) in paragraph at lines 1030--1030
[][]  
 []

[23

 <./figs/symplanenorm.pdf>]
<figs/cevisslam_summary1.pdf, id=405, 456.70625pt x 550.055pt>
File: figs/cevisslam_summary1.pdf Graphic file (type pdf)

<use figs/cevisslam_summary1.pdf>
Package pdftex.def Info: figs/cevisslam_summary1.pdf used on input line 1039.
(pdftex.def)             Requested size: 205.30684pt x 247.27339pt.

Overfull \vbox (6.26149pt too high) detected at line 1039
 []

[24

 <./figs/cevisslam_summary1.pdf>] [25

]
<figs/spectra-turb4134.pdf, id=444, 433.62pt x 505.89pt>
File: figs/spectra-turb4134.pdf Graphic file (type pdf)

<use figs/spectra-turb4134.pdf>
Package pdftex.def Info: figs/spectra-turb4134.pdf used on input line 1099.
(pdftex.def)             Requested size: 171.14764pt x 199.67383pt.

<figs/autocorr-turb4134.pdf, id=445, 433.62pt x 505.89pt>
File: figs/autocorr-turb4134.pdf Graphic file (type pdf)

<use figs/autocorr-turb4134.pdf>
Package pdftex.def Info: figs/autocorr-turb4134.pdf used on input line 1099.
(pdftex.def)             Requested size: 171.14764pt x 199.67383pt.
 [26

 <./figs/spectra-turb4134.pdf> <./figs/autocorr-turb4134.pdf>]
<figs/cevisslam_summary_fpg.pdf, id=534, 465.74pt x 624.3325pt>
File: figs/cevisslam_summary_fpg.pdf Graphic file (type pdf)

<use figs/cevisslam_summary_fpg.pdf>
Package pdftex.def Info: figs/cevisslam_summary_fpg.pdf used on input line 1128
.
(pdftex.def)             Requested size: 184.45918pt x 247.27339pt.

Overfull \hbox (13.31154pt too wide) in paragraph at lines 1128--1128
[][]  
 []


Overfull \vbox (2.92006pt too high) detected at line 1128
 []

[27

 <./figs/cevisslam_summary_fpg.pdf>] [28

]
<figs/delta1weird.pdf, id=578, 361.35pt x 216.81pt>
File: figs/delta1weird.pdf Graphic file (type pdf)
 <use figs/delta1weird.pdf>
Package pdftex.def Info: figs/delta1weird.pdf used on input line 1287.
(pdftex.def)             Requested size: 188.26346pt x 112.95688pt.

[29

 <./figs/delta1weird.pdf>] (./defense.toc) [30

]
<figs/hqd_inner.pdf, id=624, 361.35pt x 216.81pt>
File: figs/hqd_inner.pdf Graphic file (type pdf)
 <use figs/hqd_inner.pdf>
Package pdftex.def Info: figs/hqd_inner.pdf used on input line 1313.
(pdftex.def)             Requested size: 239.60567pt x 143.7633pt.

[31

 <./figs/hqd_inner.pdf>] <figs/hqd_tauxy.pdf, id=658, 361.35pt x 216.81pt>
File: figs/hqd_tauxy.pdf Graphic file (type pdf)

<use figs/hqd_tauxy.pdf>
Package pdftex.def Info: figs/hqd_tauxy.pdf used on input line 1324.
(pdftex.def)             Requested size: 239.60567pt x 143.7633pt.
 [32

 <./figs/hqd_tauxy.pdf>]
<figs/profile-t3199.pdf, id=685, 433.62pt x 433.62pt>
File: figs/profile-t3199.pdf Graphic file (type pdf)

<use figs/profile-t3199.pdf>
Package pdftex.def Info: figs/profile-t3199.pdf used on input line 1348.
(pdftex.def)             Requested size: 171.14764pt x 171.149pt.

<figs/profile-t4134.pdf, id=686, 433.62pt x 433.62pt>
File: figs/profile-t4134.pdf Graphic file (type pdf)

<use figs/profile-t4134.pdf>
Package pdftex.def Info: figs/profile-t4134.pdf used on input line 1348.
(pdftex.def)             Requested size: 171.14764pt x 171.149pt.
 [33

 <./figs/profile-t3199.pdf> <./figs/profile-t4134.pdf>] <figs/hqd_vort.pdf, id=
728, 361.35pt x 216.81pt>
File: figs/hqd_vort.pdf Graphic file (type pdf)

<use figs/hqd_vort.pdf>
Package pdftex.def Info: figs/hqd_vort.pdf used on input line 1363.
(pdftex.def)             Requested size: 188.26346pt x 112.95688pt.

<figs/GuariniJFM2000Figure8_Reworked.png, id=729, 1149.29375pt x 648.4225pt>
File: figs/GuariniJFM2000Figure8_Reworked.png Graphic file (type png)

<use figs/GuariniJFM2000Figure8_Reworked.png>
Package pdftex.def Info: figs/GuariniJFM2000Figure8_Reworked.png used on input 
line 1363.
(pdftex.def)             Requested size: 195.11082pt x 110.07205pt.

Overfull \vbox (2.7654pt too high) detected at line 1363
 []

[34

 <./figs/hqd_vort.pdf> <./figs/GuariniJFM2000Figure8_Reworked.png>]
<figs/hqd_tke_t3199.pdf, id=757, 433.62pt x 505.89pt>
File: figs/hqd_tke_t3199.pdf Graphic file (type pdf)

<use figs/hqd_tke_t3199.pdf>
Package pdftex.def Info: figs/hqd_tke_t3199.pdf used on input line 1384.
(pdftex.def)             Requested size: 171.14764pt x 199.67383pt.

<figs/hqd_tke_t4134.pdf, id=758, 433.62pt x 505.89pt>
File: figs/hqd_tke_t4134.pdf Graphic file (type pdf)

<use figs/hqd_tke_t4134.pdf>
Package pdftex.def Info: figs/hqd_tke_t4134.pdf used on input line 1384.
(pdftex.def)             Requested size: 171.14764pt x 199.67383pt.
 [35

 <./figs/hqd_tke_t3199.pdf> <./figs/hqd_tke_t4134.pdf>] [36

] (./defense.toc) [37

]
<figs/Hollis2008_Figure22.png, id=829, 2562.57375pt x 2055.68pt>
File: figs/Hollis2008_Figure22.png Graphic file (type png)

<use figs/Hollis2008_Figure22.png>
Package pdftex.def Info: figs/Hollis2008_Figure22.png used on input line 1507.
(pdftex.def)             Requested size: 169.4371pt x 135.91368pt.
 [38

 <./figs/Hollis2008_Figure22.png>]
File: figs/symplanenorm.pdf Graphic file (type pdf)

<use figs/symplanenorm.pdf>
Package pdftex.def Info: figs/symplanenorm.pdf used on input line 1537.
(pdftex.def)             Requested size: 102.68962pt x 150.73372pt.
 [39

]
File: figs/symplanenorm.pdf Graphic file (type pdf)
 <use figs/symplanenorm.pdf>
Package pdftex.def Info: figs/symplanenorm.pdf used on input line 1578.
(pdftex.def)             Requested size: 102.68962pt x 150.73372pt.
 [40

]
File: figs/symplanenorm.pdf Graphic file (type pdf)

<use figs/symplanenorm.pdf>
Package pdftex.def Info: figs/symplanenorm.pdf used on input line 1578.
(pdftex.def)             Requested size: 102.68962pt x 150.73372pt.
 [41

]
File: figs/symplanenorm.pdf Graphic file (type pdf)
 <use figs/symplanenorm.pdf>
Package pdftex.def Info: figs/symplanenorm.pdf used on input line 1578.
(pdftex.def)             Requested size: 102.68962pt x 150.73372pt.
 [42

]
File: figs/symplanenorm.pdf Graphic file (type pdf)

<use figs/symplanenorm.pdf>
Package pdftex.def Info: figs/symplanenorm.pdf used on input line 1578.
(pdftex.def)             Requested size: 102.68962pt x 150.73372pt.
 [43

]
File: figs/symplanenorm.pdf Graphic file (type pdf)
 <use figs/symplanenorm.pdf>
Package pdftex.def Info: figs/symplanenorm.pdf used on input line 1578.
(pdftex.def)             Requested size: 102.68962pt x 150.73372pt.
 [44

] [45

]
File: figs/cevisslam_summary1.pdf Graphic file (type pdf)

<use figs/cevisslam_summary1.pdf>
Package pdftex.def Info: figs/cevisslam_summary1.pdf used on input line 1665.
(pdftex.def)             Requested size: 205.30684pt x 247.27339pt.
 [46

] (./defense.toc) [47

] [48

]
<figs/relam4134.pdf, id=937, 433.62pt x 505.89pt>
File: figs/relam4134.pdf Graphic file (type pdf)
 <use figs/relam4134.pdf>
Package pdftex.def Info: figs/relam4134.pdf used on input line 1744.
(pdftex.def)             Requested size: 211.95296pt x 247.27339pt.

Overfull \vbox (2.7219pt too high) detected at line 1744
 []

[49

 <./figs/relam4134.pdf>] <figs/relam3199.pdf, id=972, 433.62pt x 505.89pt>
File: figs/relam3199.pdf Graphic file (type pdf)

<use figs/relam3199.pdf>
Package pdftex.def Info: figs/relam3199.pdf used on input line 1767.
(pdftex.def)             Requested size: 211.95296pt x 247.27339pt.

Overfull \vbox (2.7219pt too high) detected at line 1767
 []

[50

 <./figs/relam3199.pdf>] <figs/relam2299.pdf, id=1000, 433.62pt x 505.89pt>
File: figs/relam2299.pdf Graphic file (type pdf)

<use figs/relam2299.pdf>
Package pdftex.def Info: figs/relam2299.pdf used on input line 1793.
(pdftex.def)             Requested size: 211.95296pt x 247.27339pt.

Overfull \vbox (2.7219pt too high) detected at line 1793
 []

[51

 <./figs/relam2299.pdf>] <figs/redux2299.pdf, id=1028, 433.62pt x 505.89pt>
File: figs/redux2299.pdf Graphic file (type pdf)

<use figs/redux2299.pdf>
Package pdftex.def Info: figs/redux2299.pdf used on input line 1820.
(pdftex.def)             Requested size: 211.95296pt x 247.27339pt.

Overfull \vbox (0.67546pt too high) detected at line 1820
 []

[52

 <./figs/redux2299.pdf>]
<figs/spectra-redux2299.pdf, id=1056, 433.62pt x 505.89pt>
File: figs/spectra-redux2299.pdf Graphic file (type pdf)

<use figs/spectra-redux2299.pdf>
Package pdftex.def Info: figs/spectra-redux2299.pdf used on input line 1840.
(pdftex.def)             Requested size: 171.14764pt x 199.67383pt.

<figs/autocorr-redux2299.pdf, id=1057, 433.62pt x 505.89pt>
File: figs/autocorr-redux2299.pdf Graphic file (type pdf)

<use figs/autocorr-redux2299.pdf>
Package pdftex.def Info: figs/autocorr-redux2299.pdf used on input line 1840.
(pdftex.def)             Requested size: 171.14764pt x 199.67383pt.
 [53

 <./figs/spectra-redux2299.pdf> <./figs/autocorr-redux2299.pdf>] <figs/relam138
9.pdf, id=1126, 433.62pt x 505.89pt>
File: figs/relam1389.pdf Graphic file (type pdf)

<use figs/relam1389.pdf>
Package pdftex.def Info: figs/relam1389.pdf used on input line 1860.
(pdftex.def)             Requested size: 211.95296pt x 247.27339pt.

Overfull \vbox (2.7219pt too high) detected at line 1860
 []

[54

 <./figs/relam1389.pdf>] (./defense.toc) [55

]
<figs/redux4134.pdf, id=1176, 433.62pt x 505.89pt>
File: figs/redux4134.pdf Graphic file (type pdf)
 <use figs/redux4134.pdf>
Package pdftex.def Info: figs/redux4134.pdf used on input line 1889.
(pdftex.def)             Requested size: 211.95296pt x 247.27339pt.

Overfull \vbox (2.7219pt too high) detected at line 1889
 []

[56

 <./figs/redux4134.pdf>] <figs/redux3199.pdf, id=1204, 433.62pt x 505.89pt>
File: figs/redux3199.pdf Graphic file (type pdf)

<use figs/redux3199.pdf>
Package pdftex.def Info: figs/redux3199.pdf used on input line 1916.
(pdftex.def)             Requested size: 211.95296pt x 247.27339pt.

Overfull \vbox (2.7219pt too high) detected at line 1916
 []

[57

 <./figs/redux3199.pdf>] (./defense.toc) [58

]
LaTeX Font Info:    Font shape `OT1/phv/m/it' in size <8> not available
(Font)              Font shape `OT1/phv/m/sl' tried instead on input line 1958.

LaTeX Font Info:    Font shape `OT1/phv/m/sl' will be
(Font)              scaled to size 7.59998pt on input line 1958.
 [59

] [60

] [61

] [62

] [63

]
[64

]

Package hyperref Warning: Token not allowed in a PDF string (PDFDocEncoding):
(hyperref)                removing `\translate ' on input line 2028.

[65

] <figs/spectra-turb3199.pdf, id=1304, 433.62pt x 505.89pt>
File: figs/spectra-turb3199.pdf Graphic file (type pdf)

<use figs/spectra-turb3199.pdf>
Package pdftex.def Info: figs/spectra-turb3199.pdf used on input line 2045.
(pdftex.def)             Requested size: 171.14764pt x 199.67383pt.
File: figs/spectra-turb4134.pdf Graphic file (type pdf)
 <use figs/spectra-turb4134.pdf>
Package pdftex.def Info: figs/spectra-turb4134.pdf used on input line 2045.
(pdftex.def)             Requested size: 171.14764pt x 199.67383pt.
 [66

 <./figs/spectra-turb3199.pdf>] <figs/autocorr-turb3199.pdf, id=1342, 433.62pt 
x 505.89pt>
File: figs/autocorr-turb3199.pdf Graphic file (type pdf)

<use figs/autocorr-turb3199.pdf>
Package pdftex.def Info: figs/autocorr-turb3199.pdf used on input line 2058.
(pdftex.def)             Requested size: 171.14764pt x 199.67383pt.
File: figs/autocorr-turb4134.pdf Graphic file (type pdf)
 <use figs/autocorr-turb4134.pdf>
Package pdftex.def Info: figs/autocorr-turb4134.pdf used on input line 2058.
(pdftex.def)             Requested size: 171.14764pt x 199.67383pt.
 [67

 <./figs/autocorr-turb3199.pdf>] <figs/hqd_fans_rho_u.pdf, id=1379, 433.62pt x 
505.89pt>
File: figs/hqd_fans_rho_u.pdf Graphic file (type pdf)

<use figs/hqd_fans_rho_u.pdf>
Package pdftex.def Info: figs/hqd_fans_rho_u.pdf used on input line 2076.
(pdftex.def)             Requested size: 171.14764pt x 199.67383pt.

<figs/hqd_fans_rho_v.pdf, id=1380, 433.62pt x 505.89pt>
File: figs/hqd_fans_rho_v.pdf Graphic file (type pdf)

<use figs/hqd_fans_rho_v.pdf>
Package pdftex.def Info: figs/hqd_fans_rho_v.pdf used on input line 2076.
(pdftex.def)             Requested size: 171.14764pt x 199.67383pt.
 [68

 <./figs/hqd_fans_rho_u.pdf> <./figs/hqd_fans_rho_v.pdf>]
LaTeX Font Info:    Font shape `OT1/phv/m/n' will be
(Font)              scaled to size 5.22498pt on input line 2419.
 (./defense.bbl
LaTeX Font Info:    Font shape `OT1/phv/m/it' in size <5.5> not available
(Font)              Font shape `OT1/phv/m/sl' tried instead on input line 14.
LaTeX Font Info:    Font shape `OT1/phv/m/sl' will be
(Font)              scaled to size 5.22498pt on input line 14.


LaTeX Font Warning: Font shape `OT1/cmr/m/n' in size <5.5> not available
(Font)              size <5> substituted on input line 16.

LaTeX Font Info:    Calculating math sizes for size <5.5> on input line 16.

LaTeX Font Warning: Font shape `OT1/cmr/m/n' in size <3.84998> not available
(Font)              size <5> substituted on input line 16.


LaTeX Font Warning: Font shape `OT1/cmr/m/n' in size <2.75> not available
(Font)              size <5> substituted on input line 16.


LaTeX Font Warning: Font shape `OML/cmm/m/it' in size <5.5> not available
(Font)              size <5> substituted on input line 16.


LaTeX Font Warning: Font shape `OML/cmm/m/it' in size <3.84998> not available
(Font)              size <5> substituted on input line 16.


LaTeX Font Warning: Font shape `OML/cmm/m/it' in size <2.75> not available
(Font)              size <5> substituted on input line 16.


LaTeX Font Warning: Font shape `OMS/cmsy/m/n' in size <5.5> not available
(Font)              size <5> substituted on input line 16.


LaTeX Font Warning: Font shape `OMS/cmsy/m/n' in size <3.84998> not available
(Font)              size <5> substituted on input line 16.


LaTeX Font Warning: Font shape `OMS/cmsy/m/n' in size <2.75> not available
(Font)              size <5> substituted on input line 16.


LaTeX Font Warning: Font shape `OT1/cmss/m/n' in size <5.5> not available
(Font)              size <5> substituted on input line 16.


LaTeX Font Warning: Font shape `OT1/cmss/m/n' in size <3.84998> not available
(Font)              size <5> substituted on input line 16.


LaTeX Font Warning: Font shape `OT1/cmss/m/n' in size <2.75> not available
(Font)              size <5> substituted on input line 16.


LaTeX Font Warning: Font shape `OT1/cmtt/m/n' in size <5.5> not available
(Font)              size <5> substituted on input line 16.


LaTeX Font Warning: Font shape `OT1/cmtt/m/n' in size <3.84998> not available
(Font)              size <5> substituted on input line 16.


LaTeX Font Warning: Font shape `OT1/cmtt/m/n' in size <2.75> not available
(Font)              size <5> substituted on input line 16.


LaTeX Font Warning: Font shape `U/rsfs/m/n' in size <5.5> not available
(Font)              size <5> substituted on input line 16.


LaTeX Font Warning: Font shape `U/rsfs/m/n' in size <3.84998> not available
(Font)              size <5> substituted on input line 16.


LaTeX Font Warning: Font shape `U/rsfs/m/n' in size <2.75> not available
(Font)              size <5> substituted on input line 16.

) [69

] [70


] [71


] [72


]
\tf@nav=\write6
\openout6 = `defense.nav'.

\tf@toc=\write7
\openout7 = `defense.toc'.

\tf@snm=\write8
\openout8 = `defense.snm'.

Package atveryend Info: Empty hook `BeforeClearDocument' on input line 2422.
Package atveryend Info: Empty hook `AfterLastShipout' on input line 2422.
 (./defense.aux)
Package atveryend Info: Executing hook `AtVeryEndDocument' on input line 2422.
Package atveryend Info: Executing hook `AtEndAfterFileList' on input line 2422.

Package rerunfilecheck Info: File `defense.out' has not changed.
(rerunfilecheck)             Checksum: F8DCFDB7E33C20ACF7E18E6BD7F92CD7;1028.


LaTeX Font Warning: Size substitutions with differences
(Font)              up to 2.25pt have occurred.

Package atveryend Info: Empty hook `AtVeryVeryEnd' on input line 2422.
 ) 
Here is how much of TeX's memory you used:
 29412 strings out of 493054
 606219 string characters out of 6118264
 625781 words of memory out of 5000000
 32180 multiletter control sequences out of 15000+600000
 44800 words of font info for 114 fonts, out of 8000000 for 9000
 1141 hyphenation exceptions out of 8191
 48i,18n,65p,10391b,1017s stack positions out of 5000i,500n,10000p,200000b,80000s
{/opt/apps/ossw/applications/latex/texlive-2015-11-05/c7/2015/texmf-dist/font
s/enc/dvips/base/8r.enc}</opt/apps/ossw/applications/latex/texlive-2015-11-05/c
7/2015/texmf-dist/fonts/type1/bitstrea/charter/bchr8a.pfb></opt/apps/ossw/appli
cations/latex/texlive-2015-11-05/c7/2015/texmf-dist/fonts/type1/bitstrea/charte
r/bchri8a.pfb></opt/apps/ossw/applications/latex/texlive-2015-11-05/c7/2015/tex
mf-dist/fonts/type1/public/amsfonts/cm/cmex10.pfb></opt/apps/ossw/applications/
latex/texlive-2015-11-05/c7/2015/texmf-dist/fonts/type1/public/amsfonts/cmextra
/cmex7.pfb></opt/apps/ossw/applications/latex/texlive-2015-11-05/c7/2015/texmf-
dist/fonts/type1/public/amsfonts/cmextra/cmex9.pfb></opt/apps/ossw/applications
/latex/texlive-2015-11-05/c7/2015/texmf-dist/fonts/type1/public/amsfonts/cm/cmm
i10.pfb></opt/apps/ossw/applications/latex/texlive-2015-11-05/c7/2015/texmf-dis
t/fonts/type1/public/amsfonts/cm/cmmi12.pfb></opt/apps/ossw/applications/latex/
texlive-2015-11-05/c7/2015/texmf-dist/fonts/type1/public/amsfonts/cm/cmmi5.pfb>
</opt/apps/ossw/applications/latex/texlive-2015-11-05/c7/2015/texmf-dist/fonts/
type1/public/amsfonts/cm/cmmi6.pfb></opt/apps/ossw/applications/latex/texlive-2
015-11-05/c7/2015/texmf-dist/fonts/type1/public/amsfonts/cm/cmmi7.pfb></opt/app
s/ossw/applications/latex/texlive-2015-11-05/c7/2015/texmf-dist/fonts/type1/pub
lic/amsfonts/cm/cmmi8.pfb></opt/apps/ossw/applications/latex/texlive-2015-11-05
/c7/2015/texmf-dist/fonts/type1/public/amsfonts/cm/cmmi9.pfb></opt/apps/ossw/ap
plications/latex/texlive-2015-11-05/c7/2015/texmf-dist/fonts/type1/public/amsfo
nts/cm/cmr10.pfb></opt/apps/ossw/applications/latex/texlive-2015-11-05/c7/2015/
texmf-dist/fonts/type1/public/amsfonts/cm/cmr12.pfb></opt/apps/ossw/application
s/latex/texlive-2015-11-05/c7/2015/texmf-dist/fonts/type1/public/amsfonts/cm/cm
r5.pfb></opt/apps/ossw/applications/latex/texlive-2015-11-05/c7/2015/texmf-dist
/fonts/type1/public/amsfonts/cm/cmr6.pfb></opt/apps/ossw/applications/latex/tex
live-2015-11-05/c7/2015/texmf-dist/fonts/type1/public/amsfonts/cm/cmr7.pfb></op
t/apps/ossw/applications/latex/texlive-2015-11-05/c7/2015/texmf-dist/fonts/type
1/public/amsfonts/cm/cmr8.pfb></opt/apps/ossw/applications/latex/texlive-2015-1
1-05/c7/2015/texmf-dist/fonts/type1/public/amsfonts/cm/cmr9.pfb></opt/apps/ossw
/applications/latex/texlive-2015-11-05/c7/2015/texmf-dist/fonts/type1/public/am
sfonts/cm/cmss10.pfb></opt/apps/ossw/applications/latex/texlive-2015-11-05/c7/2
015/texmf-dist/fonts/type1/public/amsfonts/cm/cmss8.pfb></opt/apps/ossw/applica
tions/latex/texlive-2015-11-05/c7/2015/texmf-dist/fonts/type1/public/amsfonts/c
m/cmsy10.pfb></opt/apps/ossw/applications/latex/texlive-2015-11-05/c7/2015/texm
f-dist/fonts/type1/public/amsfonts/cm/cmsy5.pfb></opt/apps/ossw/applications/la
tex/texlive-2015-11-05/c7/2015/texmf-dist/fonts/type1/public/amsfonts/cm/cmsy6.
pfb></opt/apps/ossw/applications/latex/texlive-2015-11-05/c7/2015/texmf-dist/fo
nts/type1/public/amsfonts/cm/cmsy7.pfb></opt/apps/ossw/applications/latex/texli
ve-2015-11-05/c7/2015/texmf-dist/fonts/type1/public/amsfonts/cm/cmsy8.pfb></opt
/apps/ossw/applications/latex/texlive-2015-11-05/c7/2015/texmf-dist/fonts/type1
/public/amsfonts/cm/cmsy9.pfb></opt/apps/ossw/applications/latex/texlive-2015-1
1-05/c7/2015/texmf-dist/fonts/type1/public/amsfonts/cm/cmtt8.pfb></opt/apps/oss
w/applications/latex/texlive-2015-11-05/c7/2015/texmf-dist/fonts/type1/public/a
msfonts/cm/cmtt9.pfb></opt/apps/ossw/applications/latex/texlive-2015-11-05/c7/2
015/texmf-dist/fonts/type1/public/mathdesign/mdbch/md-chr7t.pfb></opt/apps/ossw
/applications/latex/texlive-2015-11-05/c7/2015/texmf-dist/fonts/type1/public/ma
thdesign/mdbch/md-chr7v.pfb></opt/apps/ossw/applications/latex/texlive-2015-11-
05/c7/2015/texmf-dist/fonts/type1/public/mathdesign/mdbch/md-chr7y.pfb></opt/ap
ps/ossw/applications/latex/texlive-2015-11-05/c7/2015/texmf-dist/fonts/type1/pu
blic/mathdesign/mdbch/md-chri7m.pfb></opt/apps/ossw/applications/latex/texlive-
2015-11-05/c7/2015/texmf-dist/fonts/type1/public/amsfonts/symbols/msam10.pfb></
opt/apps/ossw/applications/latex/texlive-2015-11-05/c7/2015/texmf-dist/fonts/ty
pe1/public/amsfonts/symbols/msam7.pfb></opt/apps/ossw/applications/latex/texliv
e-2015-11-05/c7/2015/texmf-dist/fonts/type1/public/amsfonts/symbols/msbm7.pfb><
/opt/apps/ossw/applications/latex/texlive-2015-11-05/c7/2015/texmf-dist/fonts/t
ype1/urw/helvetic/uhvr8a.pfb></opt/apps/ossw/applications/latex/texlive-2015-11
-05/c7/2015/texmf-dist/fonts/type1/urw/helvetic/uhvro8a.pfb>
Output written on defense.pdf (72 pages, 4060765 bytes).
PDF statistics:
 1583 PDF objects out of 1728 (max. 8388607)
 1349 compressed objects within 14 object streams
 163 named destinations out of 1000 (max. 500000)
 385 words of extra memory for PDF output out of 10000 (max. 10000000)

